<?xml version="1.0" encoding="UTF-8"?>
<testsuites name="PHPUnit tests">
  <testsuite name="" tests="360" assertions="680" errors="21" failures="133" skipped="10" time="843.170936">
    <testsuite name="Tests\Arch\ArchitectureTest" file="tests\Arch\ArchitectureTest.php" tests="33" assertions="47" errors="5" failures="12" skipped="0" time="18.375069">
      <testcase name="`Application Architecture` → `Models Architecture` → it ensures models are properly structured" class="Tests\Arch\ArchitectureTest" classname="Tests.Arch.ArchitectureTest" file="tests\Arch\ArchitectureTest.php::`Application Architecture` → `Models Architecture` → it ensures models are properly structured" line="0" assertions="1" time="1.280904">
        <failure type="PHPUnit\Framework\ExpectationFailedException">`Application Architecture` → `Models Architecture` → it ensures models are properly structuredExpecting 'App\Models' to only use 'Illuminate\Database\Eloquent\Model, Illuminate\Database\Eloquent\Factories\HasFactory, Illuminate\Database\Eloquent\SoftDeletes, Illuminate\Database\Eloquent\Relations, Illuminate\Database\Eloquent\Casts\Attribute, Illuminate\Database\Eloquent\Builder, Illuminate\Database\Eloquent\Collection, Illuminate\Support\Carbon, Carbon\Carbon, App\Enums, Spatie\Activitylog\Traits\LogsActivity, Spatie\Activitylog\LogOptions'. However, it also uses 'auth'.&#13;
at vendor\pestphp\pest-plugin-arch\src\Expectations\ToOnlyUse.php:46
at vendor\pestphp\pest-plugin-arch\src\Blueprint.php:170
at vendor\pestphp\pest-plugin-arch\src\Expectations\ToOnlyUse.php:39
at vendor\pestphp\pest-plugin-arch\src\SingleArchExpectation.php:162
at vendor\pestphp\pest-plugin-arch\src\SingleArchExpectation.php:146
at tests\Arch\ArchitectureTest.php:56</failure>
      </testcase>
      <testcase name="`Application Architecture` → `Models Architecture` → it ensures models extend Eloquent Model" class="Tests\Arch\ArchitectureTest" classname="Tests.Arch.ArchitectureTest" file="tests\Arch\ArchitectureTest.php::`Application Architecture` → `Models Architecture` → it ensures models extend Eloquent Model" line="0" assertions="1" time="0.015169"/>
      <testcase name="`Application Architecture` → `Models Architecture` → it ensures models use HasFactory trait" class="Tests\Arch\ArchitectureTest" classname="Tests.Arch.ArchitectureTest" file="tests\Arch\ArchitectureTest.php::`Application Architecture` → `Models Architecture` → it ensures models use HasFactory trait" line="0" assertions="1" time="0.260038"/>
      <testcase name="`Application Architecture` → `Models Architecture` → it ensures models have proper naming conventions" class="Tests\Arch\ArchitectureTest" classname="Tests.Arch.ArchitectureTest" file="tests\Arch\ArchitectureTest.php::`Application Architecture` → `Models Architecture` → it ensures models have proper naming conventions" line="0" assertions="2" time="0.003820"/>
      <testcase name="`Application Architecture` → `Controllers Architecture` → it ensures controllers have proper structure" class="Tests\Arch\ArchitectureTest" classname="Tests.Arch.ArchitectureTest" file="tests\Arch\ArchitectureTest.php::`Application Architecture` → `Controllers Architecture` → it ensures controllers have proper structure" line="0" assertions="1" time="0.324467">
        <failure type="PHPUnit\Framework\ExpectationFailedException">`Application Architecture` → `Controllers Architecture` → it ensures controllers have proper structureExpecting 'App\Http\Controllers' to only use 'Illuminate\Http\Request, Illuminate\Http\Response, Illuminate\Http\RedirectResponse, Illuminate\Http\JsonResponse, Illuminate\Routing\Controller, Illuminate\Foundation\Auth\Access\AuthorizesRequests, Illuminate\Foundation\Validation\ValidatesRequests, Illuminate\View\View, App\Models, App\Http\Requests, App\Enums'. However, it also uses 'App\Actions\Booking\CreateBookingAction'.&#13;
at vendor\pestphp\pest-plugin-arch\src\Expectations\ToOnlyUse.php:46
at vendor\pestphp\pest-plugin-arch\src\Blueprint.php:170
at vendor\pestphp\pest-plugin-arch\src\Expectations\ToOnlyUse.php:39
at vendor\pestphp\pest-plugin-arch\src\SingleArchExpectation.php:162
at vendor\pestphp\pest-plugin-arch\src\SingleArchExpectation.php:146
at tests\Arch\ArchitectureTest.php:92</failure>
      </testcase>
      <testcase name="`Application Architecture` → `Controllers Architecture` → it ensures controllers extend base Controller" class="Tests\Arch\ArchitectureTest" classname="Tests.Arch.ArchitectureTest" file="tests\Arch\ArchitectureTest.php::`Application Architecture` → `Controllers Architecture` → it ensures controllers extend base Controller" line="0" assertions="0" time="0.002815">
        <error type="BadMethodCallException">`Application Architecture` → `Controllers Architecture` → it ensures controllers extend base ControllerBadMethodCallException: Method "ignoring" does not exist in string.&#13;
at tests\Arch\ArchitectureTest.php:109</error>
      </testcase>
      <testcase name="`Application Architecture` → `Controllers Architecture` → it ensures auth controllers follow Laravel conventions" class="Tests\Arch\ArchitectureTest" classname="Tests.Arch.ArchitectureTest" file="tests\Arch\ArchitectureTest.php::`Application Architecture` → `Controllers Architecture` → it ensures auth controllers follow Laravel conventions" line="0" assertions="1" time="0.212763">
        <failure type="PHPUnit\Framework\ExpectationFailedException">`Application Architecture` → `Controllers Architecture` → it ensures auth controllers follow Laravel conventionsExpecting 'App\Http\Controllers\Auth' to only use 'Illuminate\Http\Request, Illuminate\Http\RedirectResponse, Illuminate\View\View, Illuminate\Auth\Events\Registered, Illuminate\Support\Facades\Auth, Illuminate\Support\Facades\Hash, Illuminate\Validation\Rules, App\Http\Controllers\Controller, App\Models\User, App\Http\Requests\Auth, App\Providers\RouteServiceProvider'. However, it also uses 'Illuminate\Http\Response'.&#13;
at vendor\pestphp\pest-plugin-arch\src\Expectations\ToOnlyUse.php:46
at vendor\pestphp\pest-plugin-arch\src\Blueprint.php:170
at vendor\pestphp\pest-plugin-arch\src\Expectations\ToOnlyUse.php:39
at vendor\pestphp\pest-plugin-arch\src\SingleArchExpectation.php:162
at vendor\pestphp\pest-plugin-arch\src\SingleArchExpectation.php:146
at tests\Arch\ArchitectureTest.php:115</failure>
      </testcase>
      <testcase name="`Application Architecture` → `Requests Architecture` → it ensures requests have proper structure" class="Tests\Arch\ArchitectureTest" classname="Tests.Arch.ArchitectureTest" file="tests\Arch\ArchitectureTest.php::`Application Architecture` → `Requests Architecture` → it ensures requests have proper structure" line="0" assertions="3" time="0.004501"/>
      <testcase name="`Application Architecture` → `Requests Architecture` → it ensures request classes follow naming conventions" class="Tests\Arch\ArchitectureTest" classname="Tests.Arch.ArchitectureTest" file="tests\Arch\ArchitectureTest.php::`Application Architecture` → `Requests Architecture` → it ensures request classes follow naming conventions" line="0" assertions="1" time="0.034211">
        <failure type="PHPUnit\Framework\ExpectationFailedException">`Application Architecture` → `Requests Architecture` → it ensures request classes follow naming conventionsExpecting 'App\Http\Requests' to only use 'Illuminate\Foundation\Http\FormRequest, Illuminate\Validation\Rule, App\Models, App\Enums'. However, it also uses 'Illuminate\Auth\Events\Lockout'.&#13;
at vendor\pestphp\pest-plugin-arch\src\Expectations\ToOnlyUse.php:46
at vendor\pestphp\pest-plugin-arch\src\Blueprint.php:170
at vendor\pestphp\pest-plugin-arch\src\Expectations\ToOnlyUse.php:39
at vendor\pestphp\pest-plugin-arch\src\SingleArchExpectation.php:162
at vendor\pestphp\pest-plugin-arch\src\SingleArchExpectation.php:146
at tests\Arch\ArchitectureTest.php:141</failure>
      </testcase>
      <testcase name="`Application Architecture` → `Enums Architecture` → it ensures enums are backed enums" class="Tests\Arch\ArchitectureTest" classname="Tests.Arch.ArchitectureTest" file="tests\Arch\ArchitectureTest.php::`Application Architecture` → `Enums Architecture` → it ensures enums are backed enums" line="0" assertions="1" time="0.003175">
        <error type="BadMethodCallException">`Application Architecture` → `Enums Architecture` → it ensures enums are backed enumsBadMethodCallException: Method "toBeBacked" does not exist in string.&#13;
at vendor\pestphp\pest-plugin-arch\src\SingleArchExpectation.php:108
at tests\Arch\ArchitectureTest.php:154</error>
      </testcase>
      <testcase name="`Application Architecture` → `Enums Architecture` → it ensures enums use proper case conventions" class="Tests\Arch\ArchitectureTest" classname="Tests.Arch.ArchitectureTest" file="tests\Arch\ArchitectureTest.php::`Application Architecture` → `Enums Architecture` → it ensures enums use proper case conventions" line="0" assertions="1" time="0.005599">
        <failure type="PHPUnit\Framework\ExpectationFailedException">`Application Architecture` → `Enums Architecture` → it ensures enums use proper case conventionsExpecting 'App\Enums' to use nothing. However, it uses '__'.&#13;
at vendor\pestphp\pest-plugin-arch\src\Expectations\ToOnlyUse.php:46
at vendor\pestphp\pest-plugin-arch\src\Blueprint.php:170
at vendor\pestphp\pest-plugin-arch\src\Expectations\ToOnlyUse.php:39
at vendor\pestphp\pest-plugin-arch\src\SingleArchExpectation.php:162
at vendor\pestphp\pest-plugin-arch\src\SingleArchExpectation.php:146
at tests\Arch\ArchitectureTest.php:159</failure>
      </testcase>
      <testcase name="`Application Architecture` → `Middleware Architecture` → it ensures middleware follows Laravel conventions" class="Tests\Arch\ArchitectureTest" classname="Tests.Arch.ArchitectureTest" file="tests\Arch\ArchitectureTest.php::`Application Architecture` → `Middleware Architecture` → it ensures middleware follows Laravel conventions" line="0" assertions="1" time="0.209637">
        <failure type="PHPUnit\Framework\ExpectationFailedException">`Application Architecture` → `Middleware Architecture` → it ensures middleware follows Laravel conventionsExpecting 'App\Http\Middleware' to only use 'Illuminate\Http\Request, Illuminate\Http\Response, Symfony\Component\HttpFoundation\Response, Closure, Illuminate\Auth\Middleware\Authenticate, Illuminate\Foundation\Http\Middleware\VerifyCsrfToken, Illuminate\Http\Middleware\TrustProxies, Illuminate\Routing\Middleware\SubstituteBindings, Illuminate\View\Middleware\ShareErrorsFromSession, App\Models'. However, it also uses 'App\Exceptions\BookingException'.&#13;
at vendor\pestphp\pest-plugin-arch\src\Expectations\ToOnlyUse.php:46
at vendor\pestphp\pest-plugin-arch\src\Blueprint.php:170
at vendor\pestphp\pest-plugin-arch\src\Expectations\ToOnlyUse.php:39
at vendor\pestphp\pest-plugin-arch\src\SingleArchExpectation.php:162
at vendor\pestphp\pest-plugin-arch\src\SingleArchExpectation.php:146
at tests\Arch\ArchitectureTest.php:166</failure>
      </testcase>
      <testcase name="`Application Architecture` → `Observers Architecture` → it ensures observers follow proper structure" class="Tests\Arch\ArchitectureTest" classname="Tests.Arch.ArchitectureTest" file="tests\Arch\ArchitectureTest.php::`Application Architecture` → `Observers Architecture` → it ensures observers follow proper structure" line="0" assertions="1" time="0.115668"/>
      <testcase name="`Application Architecture` → `Providers Architecture` → it ensures providers extend ServiceProvider" class="Tests\Arch\ArchitectureTest" classname="Tests.Arch.ArchitectureTest" file="tests\Arch\ArchitectureTest.php::`Application Architecture` → `Providers Architecture` → it ensures providers extend ServiceProvider" line="0" assertions="3" time="0.069928">
        <failure type="Pest\Arch\Exceptions\ArchExpectationFailedException">`Application Architecture` → `Providers Architecture` → it ensures providers extend ServiceProviderExpecting 'app\Providers\Filament\AdminPanelProvider.php' to have method 'boot'.&#13;
at app\Providers\Filament\AdminPanelProvider.php:26
at vendor\pestphp\pest-plugin-arch\src\Expectations\Targeted.php:46
at vendor\pestphp\pest-plugin-arch\src\Blueprint.php:137
at vendor\pestphp\pest-plugin-arch\src\Expectations\Targeted.php:43
at vendor\pestphp\pest-plugin-arch\src\SingleArchExpectation.php:162
at vendor\pestphp\pest-plugin-arch\src\SingleArchExpectation.php:146
at vendor\pestphp\pest-plugin-arch\src\SingleArchExpectation.php:108
at tests\Arch\ArchitectureTest.php:198</failure>
      </testcase>
      <testcase name="`Application Architecture` → `Providers Architecture` → it ensures providers follow Laravel conventions" class="Tests\Arch\ArchitectureTest" classname="Tests.Arch.ArchitectureTest" file="tests\Arch\ArchitectureTest.php::`Application Architecture` → `Providers Architecture` → it ensures providers follow Laravel conventions" line="0" assertions="1" time="0.072838">
        <failure type="PHPUnit\Framework\ExpectationFailedException">`Application Architecture` → `Providers Architecture` → it ensures providers follow Laravel conventionsExpecting 'App\Providers' to only use 'Illuminate\Support\ServiceProvider, Illuminate\Support\Facades\Gate, Illuminate\Foundation\Support\Providers\AuthServiceProvider, Illuminate\Cache\RateLimiting\Limit, Illuminate\Http\Request, Illuminate\Support\Facades\RateLimiter, Illuminate\Support\Facades\Route, Illuminate\Foundation\Support\Providers\RouteServiceProvider, Illuminate\Auth\Notifications\ResetPassword, App\Models, App\Observers, BezhanSalleh\LanguageSwitch\LanguageSwitch'. However, it also uses 'App\Policies\BookingPolicy'.&#13;
at vendor\pestphp\pest-plugin-arch\src\Expectations\ToOnlyUse.php:46
at vendor\pestphp\pest-plugin-arch\src\Blueprint.php:170
at vendor\pestphp\pest-plugin-arch\src\Expectations\ToOnlyUse.php:39
at vendor\pestphp\pest-plugin-arch\src\SingleArchExpectation.php:162
at vendor\pestphp\pest-plugin-arch\src\SingleArchExpectation.php:146
at tests\Arch\ArchitectureTest.php:203</failure>
      </testcase>
      <testcase name="`Application Architecture` → `Filament Resources Architecture` → it ensures Filament resources follow proper structure" class="Tests\Arch\ArchitectureTest" classname="Tests.Arch.ArchitectureTest" file="tests\Arch\ArchitectureTest.php::`Application Architecture` → `Filament Resources Architecture` → it ensures Filament resources follow proper structure" line="0" assertions="1" time="6.114043">
        <failure type="PHPUnit\Framework\ExpectationFailedException">`Application Architecture` → `Filament Resources Architecture` → it ensures Filament resources follow proper structureExpecting 'App\Filament\Resources' to only use 'Filament\Forms, Filament\Resources, Filament\Tables, Filament\Actions, Filament\Infolists, Illuminate\Database\Eloquent\Builder, Illuminate\Database\Eloquent\SoftDeletingScope, App\Models, App\Enums, App\Filament\Resources'. However, it also uses 'Filament\Schemas\Components\Tabs\Tab'.&#13;
at vendor\pestphp\pest-plugin-arch\src\Expectations\ToOnlyUse.php:46
at vendor\pestphp\pest-plugin-arch\src\Blueprint.php:170
at vendor\pestphp\pest-plugin-arch\src\Expectations\ToOnlyUse.php:39
at vendor\pestphp\pest-plugin-arch\src\SingleArchExpectation.php:162
at vendor\pestphp\pest-plugin-arch\src\SingleArchExpectation.php:146
at tests\Arch\ArchitectureTest.php:223</failure>
      </testcase>
      <testcase name="`Application Architecture` → `Filament Resources Architecture` → it ensures Filament resource pages extend proper classes" class="Tests\Arch\ArchitectureTest" classname="Tests.Arch.ArchitectureTest" file="tests\Arch\ArchitectureTest.php::`Application Architecture` → `Filament Resources Architecture` → it ensures Filament resource pages extend proper classes" line="0" assertions="0" time="0.003477">
        <error type="BadMethodCallException">`Application Architecture` → `Filament Resources Architecture` → it ensures Filament resource pages extend proper classesBadMethodCallException: Method "that" does not exist in string.&#13;
at vendor\pestphp\pest-plugin-arch\src\PendingArchExpectation.php:138
at tests\Arch\ArchitectureTest.php:240</error>
      </testcase>
      <testcase name="`Application Architecture` → `Testing Architecture` → it ensures test classes follow proper structure" class="Tests\Arch\ArchitectureTest" classname="Tests.Arch.ArchitectureTest" file="tests\Arch\ArchitectureTest.php::`Application Architecture` → `Testing Architecture` → it ensures test classes follow proper structure" line="0" assertions="1" time="0.931275">
        <failure type="PHPUnit\Framework\ExpectationFailedException">`Application Architecture` → `Testing Architecture` → it ensures test classes follow proper structureExpecting 'Tests' to only use 'PHPUnit\Framework\TestCase, Illuminate\Foundation\Testing\TestCase, Illuminate\Foundation\Testing\RefreshDatabase, Illuminate\Foundation\Testing\WithFaker, Tests\TestCase, App\Models, App\Enums, Laravel\Dusk\Browser, Carbon\Carbon, Illuminate\Support\Facades'. However, it also uses 'Illuminate\Contracts\Console\Kernel'.&#13;
at vendor\pestphp\pest-plugin-arch\src\Expectations\ToOnlyUse.php:46
at vendor\pestphp\pest-plugin-arch\src\Blueprint.php:170
at vendor\pestphp\pest-plugin-arch\src\Expectations\ToOnlyUse.php:39
at vendor\pestphp\pest-plugin-arch\src\SingleArchExpectation.php:162
at vendor\pestphp\pest-plugin-arch\src\SingleArchExpectation.php:146
at tests\Arch\ArchitectureTest.php:256</failure>
      </testcase>
      <testcase name="`Application Architecture` → `Testing Architecture` → it ensures feature tests extend proper base" class="Tests\Arch\ArchitectureTest" classname="Tests.Arch.ArchitectureTest" file="tests\Arch\ArchitectureTest.php::`Application Architecture` → `Testing Architecture` → it ensures feature tests extend proper base" line="0" assertions="1" time="0.417378"/>
      <testcase name="`Application Architecture` → `Testing Architecture` → it ensures unit tests extend proper base" class="Tests\Arch\ArchitectureTest" classname="Tests.Arch.ArchitectureTest" file="tests\Arch\ArchitectureTest.php::`Application Architecture` → `Testing Architecture` → it ensures unit tests extend proper base" line="0" assertions="1" time="0.223307"/>
      <testcase name="`Application Architecture` → `Database Architecture` → it ensures migrations follow proper structure" class="Tests\Arch\ArchitectureTest" classname="Tests.Arch.ArchitectureTest" file="tests\Arch\ArchitectureTest.php::`Application Architecture` → `Database Architecture` → it ensures migrations follow proper structure" line="0" assertions="1" time="0.097669"/>
      <testcase name="`Application Architecture` → `Database Architecture` → it ensures factories follow proper structure" class="Tests\Arch\ArchitectureTest" classname="Tests.Arch.ArchitectureTest" file="tests\Arch\ArchitectureTest.php::`Application Architecture` → `Database Architecture` → it ensures factories follow proper structure" line="0" assertions="2" time="0.180046"/>
      <testcase name="`Application Architecture` → `Database Architecture` → it ensures seeders follow proper structure" class="Tests\Arch\ArchitectureTest" classname="Tests.Arch.ArchitectureTest" file="tests\Arch\ArchitectureTest.php::`Application Architecture` → `Database Architecture` → it ensures seeders follow proper structure" line="0" assertions="2" time="0.203478"/>
      <testcase name="`Application Architecture` → `Security Architecture` → it ensures no debug statements in production code" class="Tests\Arch\ArchitectureTest" classname="Tests.Arch.ArchitectureTest" file="tests\Arch\ArchitectureTest.php::`Application Architecture` → `Security Architecture` → it ensures no debug statements in production code" line="0" assertions="8" time="3.480328"/>
      <testcase name="`Application Architecture` → `Security Architecture` → it ensures proper authorization is used" class="Tests\Arch\ArchitectureTest" classname="Tests.Arch.ArchitectureTest" file="tests\Arch\ArchitectureTest.php::`Application Architecture` → `Security Architecture` → it ensures proper authorization is used" line="0" assertions="1" time="0.005648">
        <failure type="PHPUnit\Framework\ExpectationFailedException">`Application Architecture` → `Security Architecture` → it ensures proper authorization is usedExpecting 'App\Http\Controllers' to only use 'Illuminate\Foundation\Auth\Access\AuthorizesRequests'. However, it also uses 'App\Actions\Booking\CreateBookingAction'.&#13;
at vendor\pestphp\pest-plugin-arch\src\Expectations\ToOnlyUse.php:46
at vendor\pestphp\pest-plugin-arch\src\Blueprint.php:170
at vendor\pestphp\pest-plugin-arch\src\Expectations\ToOnlyUse.php:39
at vendor\pestphp\pest-plugin-arch\src\SingleArchExpectation.php:162
at vendor\pestphp\pest-plugin-arch\src\SingleArchExpectation.php:146
at tests\Arch\ArchitectureTest.php:321</failure>
      </testcase>
      <testcase name="`Application Architecture` → `Security Architecture` → it ensures models use proper mass assignment protection" class="Tests\Arch\ArchitectureTest" classname="Tests.Arch.ArchitectureTest" file="tests\Arch\ArchitectureTest.php::`Application Architecture` → `Security Architecture` → it ensures models use proper mass assignment protection" line="0" assertions="1" time="0.039989">
        <failure type="PHPUnit\Framework\ExpectationFailedException">`Application Architecture` → `Security Architecture` → it ensures models use proper mass assignment protectionFailed asserting that 'App\Models' is of type object.&#13;
at tests\Arch\ArchitectureTest.php:326</failure>
      </testcase>
      <testcase name="`Application Architecture` → `Dependency Architecture` → it ensures controllers do not depend on each other" class="Tests\Arch\ArchitectureTest" classname="Tests.Arch.ArchitectureTest" file="tests\Arch\ArchitectureTest.php::`Application Architecture` → `Dependency Architecture` → it ensures controllers do not depend on each other" line="0" assertions="2" time="0.201744"/>
      <testcase name="`Application Architecture` → `Dependency Architecture` → it ensures models do not depend on controllers" class="Tests\Arch\ArchitectureTest" classname="Tests.Arch.ArchitectureTest" file="tests\Arch\ArchitectureTest.php::`Application Architecture` → `Dependency Architecture` → it ensures models do not depend on controllers" line="0" assertions="2" time="0.004802"/>
      <testcase name="`Application Architecture` → `Dependency Architecture` → it ensures models do not depend on requests" class="Tests\Arch\ArchitectureTest" classname="Tests.Arch.ArchitectureTest" file="tests\Arch\ArchitectureTest.php::`Application Architecture` → `Dependency Architecture` → it ensures models do not depend on requests" line="0" assertions="2" time="0.005068"/>
      <testcase name="`Application Architecture` → `Dependency Architecture` → it ensures requests do not depend on controllers" class="Tests\Arch\ArchitectureTest" classname="Tests.Arch.ArchitectureTest" file="tests\Arch\ArchitectureTest.php::`Application Architecture` → `Dependency Architecture` → it ensures requests do not depend on controllers" line="0" assertions="2" time="0.045124"/>
      <testcase name="`Application Architecture` → `Code Quality Architecture` → it ensures proper class naming conventions" class="Tests\Arch\ArchitectureTest" classname="Tests.Arch.ArchitectureTest" file="tests\Arch\ArchitectureTest.php::`Application Architecture` → `Code Quality Architecture` → it ensures proper class naming conventions" line="0" assertions="0" time="0.003501">
        <error type="BadMethodCallException">`Application Architecture` → `Code Quality Architecture` → it ensures proper class naming conventionsBadMethodCallException: Method "ignoring" does not exist in string.&#13;
at tests\Arch\ArchitectureTest.php:361</error>
      </testcase>
      <testcase name="`Application Architecture` → `Code Quality Architecture` → it ensures no global functions in app namespace" class="Tests\Arch\ArchitectureTest" classname="Tests.Arch.ArchitectureTest" file="tests\Arch\ArchitectureTest.php::`Application Architecture` → `Code Quality Architecture` → it ensures no global functions in app namespace" line="0" assertions="0" time="0.002751">
        <error type="BadMethodCallException">`Application Architecture` → `Code Quality Architecture` → it ensures no global functions in app namespaceBadMethodCallException: Method "toHaveGlobalFunctions" does not exist in string.&#13;
at tests\Arch\ArchitectureTest.php:369</error>
      </testcase>
      <testcase name="`Application Architecture` → `Code Quality Architecture` → it ensures proper interface implementations" class="Tests\Arch\ArchitectureTest" classname="Tests.Arch.ArchitectureTest" file="tests\Arch\ArchitectureTest.php::`Application Architecture` → `Code Quality Architecture` → it ensures proper interface implementations" line="0" assertions="1" time="3.799910"/>
    </testsuite>
    <testsuite name="Tests\Feature\ActivityLogManagementTest" file="tests\Feature\ActivityLogManagementTest.php" tests="25" assertions="21" errors="5" failures="14" skipped="0" time="111.723206">
      <testcase name="`Activity Log Management` → `Activity Log Listing` → it allows admin to view all activity logs" class="Tests\Feature\ActivityLogManagementTest" classname="Tests.Feature.ActivityLogManagementTest" file="tests\Feature\ActivityLogManagementTest.php::`Activity Log Management` → `Activity Log Listing` → it allows admin to view all activity logs" line="0" assertions="2" time="1.184048"/>
      <testcase name="`Activity Log Management` → `Activity Log Listing` → it restricts owner access to activity logs" class="Tests\Feature\ActivityLogManagementTest" classname="Tests.Feature.ActivityLogManagementTest" file="tests\Feature\ActivityLogManagementTest.php::`Activity Log Management` → `Activity Log Listing` → it restricts owner access to activity logs" line="0" assertions="1" time="0.203411"/>
      <testcase name="`Activity Log Management` → `Activity Log Listing` → it restricts renter access to activity logs" class="Tests\Feature\ActivityLogManagementTest" classname="Tests.Feature.ActivityLogManagementTest" file="tests\Feature\ActivityLogManagementTest.php::`Activity Log Management` → `Activity Log Listing` → it restricts renter access to activity logs" line="0" assertions="1" time="0.095401"/>
      <testcase name="`Activity Log Management` → `Activity Log Listing` → it filters logs by user" class="Tests\Feature\ActivityLogManagementTest" classname="Tests.Feature.ActivityLogManagementTest" file="tests\Feature\ActivityLogManagementTest.php::`Activity Log Management` → `Activity Log Listing` → it filters logs by user" line="0" assertions="1" time="0.721218"/>
      <testcase name="`Activity Log Management` → `Activity Log Listing` → it filters logs by action type" class="Tests\Feature\ActivityLogManagementTest" classname="Tests.Feature.ActivityLogManagementTest" file="tests\Feature\ActivityLogManagementTest.php::`Activity Log Management` → `Activity Log Listing` → it filters logs by action type" line="0" assertions="1" time="0.744050"/>
      <testcase name="`Activity Log Management` → `Activity Log Listing` → it filters logs by date range" class="Tests\Feature\ActivityLogManagementTest" classname="Tests.Feature.ActivityLogManagementTest" file="tests\Feature\ActivityLogManagementTest.php::`Activity Log Management` → `Activity Log Listing` → it filters logs by date range" line="0" assertions="1" time="0.677879"/>
      <testcase name="`Activity Log Management` → `Activity Log Creation` → it logs user login activities" class="Tests\Feature\ActivityLogManagementTest" classname="Tests.Feature.ActivityLogManagementTest" file="tests\Feature\ActivityLogManagementTest.php::`Activity Log Management` → `Activity Log Creation` → it logs user login activities" line="0" assertions="1" time="36.261072">
        <failure type="PHPUnit\Framework\ExpectationFailedException">`Activity Log Management` → `Activity Log Creation` → it logs user login activitiesExpecting null not to be null .&#13;
at tests\Feature\ActivityLogManagementTest.php:81</failure>
      </testcase>
      <testcase name="`Activity Log Management` → `Activity Log Creation` → it logs vehicle creation activities" class="Tests\Feature\ActivityLogManagementTest" classname="Tests.Feature.ActivityLogManagementTest" file="tests\Feature\ActivityLogManagementTest.php::`Activity Log Management` → `Activity Log Creation` → it logs vehicle creation activities" line="0" assertions="1" time="12.130927">
        <failure type="PHPUnit\Framework\ExpectationFailedException">`Activity Log Management` → `Activity Log Creation` → it logs vehicle creation activitiesExpecting null not to be null .&#13;
at tests\Feature\ActivityLogManagementTest.php:103</failure>
      </testcase>
      <testcase name="`Activity Log Management` → `Activity Log Creation` → it logs booking status changes" class="Tests\Feature\ActivityLogManagementTest" classname="Tests.Feature.ActivityLogManagementTest" file="tests\Feature\ActivityLogManagementTest.php::`Activity Log Management` → `Activity Log Creation` → it logs booking status changes" line="0" assertions="1" time="9.150888">
        <failure type="PHPUnit\Framework\ExpectationFailedException">`Activity Log Management` → `Activity Log Creation` → it logs booking status changesExpecting null not to be null .&#13;
at tests\Feature\ActivityLogManagementTest.php:120</failure>
      </testcase>
      <testcase name="`Activity Log Management` → `Activity Log Creation` → it stores request details in log" class="Tests\Feature\ActivityLogManagementTest" classname="Tests.Feature.ActivityLogManagementTest" file="tests\Feature\ActivityLogManagementTest.php::`Activity Log Management` → `Activity Log Creation` → it stores request details in log" line="0" assertions="0" time="0.164628">
        <error type="Illuminate\Database\QueryException">`Activity Log Management` → `Activity Log Creation` → it stores request details in logIlluminate\Database\QueryException: SQLSTATE[HY000]: General error: 1 table car_rental_logs has no column named request_data (Connection: sqlite, SQL: insert into "car_rental_logs" ("vehicle_id", "user_id", "action", "description", "metadata", "request_data", "user_agent", "ip_address", "updated_at", "created_at") values (1, 1, vehicle_updated, Vehicle was suspended, ?, {"daily_rate":120}, Mozilla/5.0 Test Browser, 192.168.1.1, 2025-09-27 04:32:56, 2025-09-27 04:32:56))&#13;
at vendor\laravel\framework\src\Illuminate\Database\Connection.php:564
at vendor\laravel\framework\src\Illuminate\Database\Connection.php:811
at vendor\laravel\framework\src\Illuminate\Database\Connection.php:778
at vendor\laravel\framework\src\Illuminate\Database\Connection.php:559
at vendor\laravel\framework\src\Illuminate\Database\Connection.php:523
at vendor\laravel\framework\src\Illuminate\Database\Query\Processors\Processor.php:32
at vendor\laravel\framework\src\Illuminate\Database\Query\Builder.php:3853
at vendor\laravel\framework\src\Illuminate\Database\Eloquent\Builder.php:2235
at vendor\laravel\framework\src\Illuminate\Database\Eloquent\Model.php:1436
at vendor\laravel\framework\src\Illuminate\Database\Eloquent\Model.php:1401
at vendor\laravel\framework\src\Illuminate\Database\Eloquent\Model.php:1240
at vendor\laravel\framework\src\Illuminate\Database\Eloquent\Factories\Factory.php:370
at vendor\laravel\framework\src\Illuminate\Collections\Traits\EnumeratesValues.php:271
at vendor\laravel\framework\src\Illuminate\Database\Eloquent\Factories\Factory.php:365
at vendor\laravel\framework\src\Illuminate\Database\Eloquent\Factories\Factory.php:321
at vendor\laravel\framework\src\Illuminate\Database\Eloquent\Factories\Factory.php:315
at tests\Feature\ActivityLogManagementTest.php:125
Caused by
PDOException: SQLSTATE[HY000]: General error: 1 table car_rental_logs has no column named request_data

at vendor\laravel\framework\src\Illuminate\Database\Connection.php:564
at vendor\laravel\framework\src\Illuminate\Database\Connection.php:811
at vendor\laravel\framework\src\Illuminate\Database\Connection.php:778
at vendor\laravel\framework\src\Illuminate\Database\Connection.php:559
at vendor\laravel\framework\src\Illuminate\Database\Connection.php:523
at vendor\laravel\framework\src\Illuminate\Database\Query\Processors\Processor.php:32
at vendor\laravel\framework\src\Illuminate\Database\Query\Builder.php:3853
at vendor\laravel\framework\src\Illuminate\Database\Eloquent\Builder.php:2235
at vendor\laravel\framework\src\Illuminate\Database\Eloquent\Model.php:1436
at vendor\laravel\framework\src\Illuminate\Database\Eloquent\Model.php:1401
at vendor\laravel\framework\src\Illuminate\Database\Eloquent\Model.php:1240
at vendor\laravel\framework\src\Illuminate\Database\Eloquent\Factories\Factory.php:370
at vendor\laravel\framework\src\Illuminate\Collections\Traits\EnumeratesValues.php:271
at vendor\laravel\framework\src\Illuminate\Database\Eloquent\Factories\Factory.php:365
at vendor\laravel\framework\src\Illuminate\Database\Eloquent\Factories\Factory.php:321
at vendor\laravel\framework\src\Illuminate\Database\Eloquent\Factories\Factory.php:315
at tests\Feature\ActivityLogManagementTest.php:125</error>
      </testcase>
      <testcase name="`Activity Log Management` → `Activity Log Analysis` → it displays activity summary by action type" class="Tests\Feature\ActivityLogManagementTest" classname="Tests.Feature.ActivityLogManagementTest" file="tests\Feature\ActivityLogManagementTest.php::`Activity Log Management` → `Activity Log Analysis` → it displays activity summary by action type" line="0" assertions="1" time="0.328955">
        <failure type="PHPUnit\Framework\ExpectationFailedException">`Activity Log Management` → `Activity Log Analysis` → it displays activity summary by action typeExpected response status code [&gt;=200, &lt;300] but received 404.
Failed asserting that false is true.&#13;
at vendor\laravel\framework\src\Illuminate\Testing\TestResponseAssert.php:45
at vendor\laravel\framework\src\Illuminate\Testing\TestResponse.php:103
at tests\Feature\ActivityLogManagementTest.php:148</failure>
      </testcase>
      <testcase name="`Activity Log Management` → `Activity Log Analysis` → it shows most active users" class="Tests\Feature\ActivityLogManagementTest" classname="Tests.Feature.ActivityLogManagementTest" file="tests\Feature\ActivityLogManagementTest.php::`Activity Log Management` → `Activity Log Analysis` → it shows most active users" line="0" assertions="1" time="0.281965">
        <failure type="PHPUnit\Framework\ExpectationFailedException">`Activity Log Management` → `Activity Log Analysis` → it shows most active usersExpected response status code [&gt;=200, &lt;300] but received 404.
Failed asserting that false is true.&#13;
at vendor\laravel\framework\src\Illuminate\Testing\TestResponseAssert.php:45
at vendor\laravel\framework\src\Illuminate\Testing\TestResponse.php:103
at tests\Feature\ActivityLogManagementTest.php:158</failure>
      </testcase>
      <testcase name="`Activity Log Management` → `Activity Log Analysis` → it tracks login patterns" class="Tests\Feature\ActivityLogManagementTest" classname="Tests.Feature.ActivityLogManagementTest" file="tests\Feature\ActivityLogManagementTest.php::`Activity Log Management` → `Activity Log Analysis` → it tracks login patterns" line="0" assertions="1" time="0.231001">
        <failure type="PHPUnit\Framework\ExpectationFailedException">`Activity Log Management` → `Activity Log Analysis` → it tracks login patternsExpected response status code [&gt;=200, &lt;300] but received 404.
Failed asserting that false is true.&#13;
at vendor\laravel\framework\src\Illuminate\Testing\TestResponseAssert.php:45
at vendor\laravel\framework\src\Illuminate\Testing\TestResponse.php:103
at tests\Feature\ActivityLogManagementTest.php:173</failure>
      </testcase>
      <testcase name="`Activity Log Management` → `Security Monitoring` → it tracks failed login attempts" class="Tests\Feature\ActivityLogManagementTest" classname="Tests.Feature.ActivityLogManagementTest" file="tests\Feature\ActivityLogManagementTest.php::`Activity Log Management` → `Security Monitoring` → it tracks failed login attempts" line="0" assertions="1" time="0.342300">
        <failure type="PHPUnit\Framework\ExpectationFailedException">`Activity Log Management` → `Security Monitoring` → it tracks failed login attemptsExpecting null not to be null .&#13;
at tests\Feature\ActivityLogManagementTest.php:185</failure>
      </testcase>
      <testcase name="`Activity Log Management` → `Security Monitoring` → it logs suspicious activity patterns" class="Tests\Feature\ActivityLogManagementTest" classname="Tests.Feature.ActivityLogManagementTest" file="tests\Feature\ActivityLogManagementTest.php::`Activity Log Management` → `Security Monitoring` → it logs suspicious activity patterns" line="0" assertions="0" time="0.224337">
        <error type="Illuminate\Database\QueryException">`Activity Log Management` → `Security Monitoring` → it logs suspicious activity patternsIlluminate\Database\QueryException: SQLSTATE[HY000]: General error: 1 table car_rental_logs has no column named ip_address (Connection: sqlite, SQL: insert into "car_rental_logs" ("vehicle_id", "user_id", "action", "description", "metadata", "ip_address", "created_at", "updated_at") values (1, 5, login_failed, Vehicle was approved by admin, ?, 192.168.1.100, 2025-09-27 04:32:58, 2025-09-27 04:32:58))&#13;
at vendor\laravel\framework\src\Illuminate\Database\Connection.php:564
at vendor\laravel\framework\src\Illuminate\Database\Connection.php:811
at vendor\laravel\framework\src\Illuminate\Database\Connection.php:778
at vendor\laravel\framework\src\Illuminate\Database\Connection.php:559
at vendor\laravel\framework\src\Illuminate\Database\Connection.php:523
at vendor\laravel\framework\src\Illuminate\Database\Query\Processors\Processor.php:32
at vendor\laravel\framework\src\Illuminate\Database\Query\Builder.php:3853
at vendor\laravel\framework\src\Illuminate\Database\Eloquent\Builder.php:2235
at vendor\laravel\framework\src\Illuminate\Database\Eloquent\Model.php:1436
at vendor\laravel\framework\src\Illuminate\Database\Eloquent\Model.php:1401
at vendor\laravel\framework\src\Illuminate\Database\Eloquent\Model.php:1240
at vendor\laravel\framework\src\Illuminate\Database\Eloquent\Factories\Factory.php:370
at vendor\laravel\framework\src\Illuminate\Collections\Traits\EnumeratesValues.php:271
at vendor\laravel\framework\src\Illuminate\Database\Eloquent\Factories\Factory.php:365
at vendor\laravel\framework\src\Illuminate\Database\Eloquent\Factories\Factory.php:321
at vendor\laravel\framework\src\Illuminate\Database\Eloquent\Factories\Factory.php:315
at tests\Feature\ActivityLogManagementTest.php:192
Caused by
PDOException: SQLSTATE[HY000]: General error: 1 table car_rental_logs has no column named ip_address

at vendor\laravel\framework\src\Illuminate\Database\Connection.php:564
at vendor\laravel\framework\src\Illuminate\Database\Connection.php:811
at vendor\laravel\framework\src\Illuminate\Database\Connection.php:778
at vendor\laravel\framework\src\Illuminate\Database\Connection.php:559
at vendor\laravel\framework\src\Illuminate\Database\Connection.php:523
at vendor\laravel\framework\src\Illuminate\Database\Query\Processors\Processor.php:32
at vendor\laravel\framework\src\Illuminate\Database\Query\Builder.php:3853
at vendor\laravel\framework\src\Illuminate\Database\Eloquent\Builder.php:2235
at vendor\laravel\framework\src\Illuminate\Database\Eloquent\Model.php:1436
at vendor\laravel\framework\src\Illuminate\Database\Eloquent\Model.php:1401
at vendor\laravel\framework\src\Illuminate\Database\Eloquent\Model.php:1240
at vendor\laravel\framework\src\Illuminate\Database\Eloquent\Factories\Factory.php:370
at vendor\laravel\framework\src\Illuminate\Collections\Traits\EnumeratesValues.php:271
at vendor\laravel\framework\src\Illuminate\Database\Eloquent\Factories\Factory.php:365
at vendor\laravel\framework\src\Illuminate\Database\Eloquent\Factories\Factory.php:321
at vendor\laravel\framework\src\Illuminate\Database\Eloquent\Factories\Factory.php:315
at tests\Feature\ActivityLogManagementTest.php:192</error>
      </testcase>
      <testcase name="`Activity Log Management` → `Security Monitoring` → it tracks admin actions" class="Tests\Feature\ActivityLogManagementTest" classname="Tests.Feature.ActivityLogManagementTest" file="tests\Feature\ActivityLogManagementTest.php::`Activity Log Management` → `Security Monitoring` → it tracks admin actions" line="0" assertions="0" time="0.124981">
        <error type="Illuminate\Database\QueryException">`Activity Log Management` → `Security Monitoring` → it tracks admin actionsIlluminate\Database\QueryException: SQLSTATE[HY000]: General error: 1 table car_rental_logs has no column named model_type (Connection: sqlite, SQL: insert into "car_rental_logs" ("vehicle_id", "user_id", "action", "description", "metadata", "model_type", "model_id", "changes", "updated_at", "created_at") values (1, 1, user_role_changed, New image was uploaded for vehicle, {"ip_address":"52.153.98.73","user_agent":"Mozilla\/5.0 (Android 11; Mobile; rv:68.0) Gecko\/68.0 Firefox\/88.0","browser":"Edge","device_type":"tablet","location":"Labadieton","session_id":"41d2e077-a216-3a60-adc0-2c69635c668e","previous_value":null,"new_value":null}, User, 3, {"role":["renter","owner"]}, 2025-09-27 04:32:58, 2025-09-27 04:32:58))&#13;
at vendor\laravel\framework\src\Illuminate\Database\Connection.php:564
at vendor\laravel\framework\src\Illuminate\Database\Connection.php:811
at vendor\laravel\framework\src\Illuminate\Database\Connection.php:778
at vendor\laravel\framework\src\Illuminate\Database\Connection.php:559
at vendor\laravel\framework\src\Illuminate\Database\Connection.php:523
at vendor\laravel\framework\src\Illuminate\Database\Query\Processors\Processor.php:32
at vendor\laravel\framework\src\Illuminate\Database\Query\Builder.php:3853
at vendor\laravel\framework\src\Illuminate\Database\Eloquent\Builder.php:2235
at vendor\laravel\framework\src\Illuminate\Database\Eloquent\Model.php:1436
at vendor\laravel\framework\src\Illuminate\Database\Eloquent\Model.php:1401
at vendor\laravel\framework\src\Illuminate\Database\Eloquent\Model.php:1240
at vendor\laravel\framework\src\Illuminate\Database\Eloquent\Factories\Factory.php:370
at vendor\laravel\framework\src\Illuminate\Collections\Traits\EnumeratesValues.php:271
at vendor\laravel\framework\src\Illuminate\Database\Eloquent\Factories\Factory.php:365
at vendor\laravel\framework\src\Illuminate\Database\Eloquent\Factories\Factory.php:321
at vendor\laravel\framework\src\Illuminate\Database\Eloquent\Factories\Factory.php:315
at tests\Feature\ActivityLogManagementTest.php:205
Caused by
PDOException: SQLSTATE[HY000]: General error: 1 table car_rental_logs has no column named model_type

at vendor\laravel\framework\src\Illuminate\Database\Connection.php:564
at vendor\laravel\framework\src\Illuminate\Database\Connection.php:811
at vendor\laravel\framework\src\Illuminate\Database\Connection.php:778
at vendor\laravel\framework\src\Illuminate\Database\Connection.php:559
at vendor\laravel\framework\src\Illuminate\Database\Connection.php:523
at vendor\laravel\framework\src\Illuminate\Database\Query\Processors\Processor.php:32
at vendor\laravel\framework\src\Illuminate\Database\Query\Builder.php:3853
at vendor\laravel\framework\src\Illuminate\Database\Eloquent\Builder.php:2235
at vendor\laravel\framework\src\Illuminate\Database\Eloquent\Model.php:1436
at vendor\laravel\framework\src\Illuminate\Database\Eloquent\Model.php:1401
at vendor\laravel\framework\src\Illuminate\Database\Eloquent\Model.php:1240
at vendor\laravel\framework\src\Illuminate\Database\Eloquent\Factories\Factory.php:370
at vendor\laravel\framework\src\Illuminate\Collections\Traits\EnumeratesValues.php:271
at vendor\laravel\framework\src\Illuminate\Database\Eloquent\Factories\Factory.php:365
at vendor\laravel\framework\src\Illuminate\Database\Eloquent\Factories\Factory.php:321
at vendor\laravel\framework\src\Illuminate\Database\Eloquent\Factories\Factory.php:315
at tests\Feature\ActivityLogManagementTest.php:205</error>
      </testcase>
      <testcase name="`Activity Log Management` → `Activity Log Export` → it exports activity logs to CSV" class="Tests\Feature\ActivityLogManagementTest" classname="Tests.Feature.ActivityLogManagementTest" file="tests\Feature\ActivityLogManagementTest.php::`Activity Log Management` → `Activity Log Export` → it exports activity logs to CSV" line="0" assertions="1" time="0.579457">
        <failure type="PHPUnit\Framework\ExpectationFailedException">`Activity Log Management` → `Activity Log Export` → it exports activity logs to CSVExpected response status code [&gt;=200, &lt;300] but received 404.
Failed asserting that false is true.&#13;
at vendor\laravel\framework\src\Illuminate\Testing\TestResponseAssert.php:45
at vendor\laravel\framework\src\Illuminate\Testing\TestResponse.php:103
at tests\Feature\ActivityLogManagementTest.php:227</failure>
      </testcase>
      <testcase name="`Activity Log Management` → `Activity Log Export` → it exports filtered logs" class="Tests\Feature\ActivityLogManagementTest" classname="Tests.Feature.ActivityLogManagementTest" file="tests\Feature\ActivityLogManagementTest.php::`Activity Log Management` → `Activity Log Export` → it exports filtered logs" line="0" assertions="1" time="0.259917">
        <failure type="PHPUnit\Framework\ExpectationFailedException">`Activity Log Management` → `Activity Log Export` → it exports filtered logsExpected response status code [&gt;=200, &lt;300] but received 404.
Failed asserting that false is true.&#13;
at vendor\laravel\framework\src\Illuminate\Testing\TestResponseAssert.php:45
at vendor\laravel\framework\src\Illuminate\Testing\TestResponse.php:103
at tests\Feature\ActivityLogManagementTest.php:237</failure>
      </testcase>
      <testcase name="`Activity Log Management` → `Activity Log Export` → it exports logs for specific date range" class="Tests\Feature\ActivityLogManagementTest" classname="Tests.Feature.ActivityLogManagementTest" file="tests\Feature\ActivityLogManagementTest.php::`Activity Log Management` → `Activity Log Export` → it exports logs for specific date range" line="0" assertions="1" time="0.236063">
        <failure type="PHPUnit\Framework\ExpectationFailedException">`Activity Log Management` → `Activity Log Export` → it exports logs for specific date rangeExpected response status code [&gt;=200, &lt;300] but received 404.
Failed asserting that false is true.&#13;
at vendor\laravel\framework\src\Illuminate\Testing\TestResponseAssert.php:45
at vendor\laravel\framework\src\Illuminate\Testing\TestResponse.php:103
at tests\Feature\ActivityLogManagementTest.php:249</failure>
      </testcase>
      <testcase name="`Activity Log Management` → `System Performance Logs` → it logs slow query performance" class="Tests\Feature\ActivityLogManagementTest" classname="Tests.Feature.ActivityLogManagementTest" file="tests\Feature\ActivityLogManagementTest.php::`Activity Log Management` → `System Performance Logs` → it logs slow query performance" line="0" assertions="0" time="0.134826">
        <error type="Illuminate\Database\QueryException">`Activity Log Management` → `System Performance Logs` → it logs slow query performanceIlluminate\Database\QueryException: SQLSTATE[HY000]: General error: 1 table car_rental_logs has no column named request_data (Connection: sqlite, SQL: insert into "car_rental_logs" ("vehicle_id", "user_id", "action", "description", "metadata", "request_data", "updated_at", "created_at") values (1, 5, slow_query, Vehicle was published and is now available for rent, {"ip_address":"162.220.25.219","user_agent":"Mozilla\/5.0 (Windows NT 10.0; Win64; x64) AppleWebKit\/537.36","browser":"Firefox","device_type":"mobile","location":"Jastport","session_id":"95f63e7e-fcb0-396e-b04a-e9a21f49d7ce","previous_value":null,"new_value":null}, {"query":"SELECT * FROM bookings WHERE...","execution_time":2.5,"url":"\/admin\/bookings"}, 2025-09-27 04:32:59, 2025-09-27 04:32:59))&#13;
at vendor\laravel\framework\src\Illuminate\Database\Connection.php:564
at vendor\laravel\framework\src\Illuminate\Database\Connection.php:811
at vendor\laravel\framework\src\Illuminate\Database\Connection.php:778
at vendor\laravel\framework\src\Illuminate\Database\Connection.php:559
at vendor\laravel\framework\src\Illuminate\Database\Connection.php:523
at vendor\laravel\framework\src\Illuminate\Database\Query\Processors\Processor.php:32
at vendor\laravel\framework\src\Illuminate\Database\Query\Builder.php:3853
at vendor\laravel\framework\src\Illuminate\Database\Eloquent\Builder.php:2235
at vendor\laravel\framework\src\Illuminate\Database\Eloquent\Model.php:1436
at vendor\laravel\framework\src\Illuminate\Database\Eloquent\Model.php:1401
at vendor\laravel\framework\src\Illuminate\Database\Eloquent\Model.php:1240
at vendor\laravel\framework\src\Illuminate\Database\Eloquent\Factories\Factory.php:370
at vendor\laravel\framework\src\Illuminate\Collections\Traits\EnumeratesValues.php:271
at vendor\laravel\framework\src\Illuminate\Database\Eloquent\Factories\Factory.php:365
at vendor\laravel\framework\src\Illuminate\Database\Eloquent\Factories\Factory.php:321
at vendor\laravel\framework\src\Illuminate\Database\Eloquent\Factories\Factory.php:315
at tests\Feature\ActivityLogManagementTest.php:255
Caused by
PDOException: SQLSTATE[HY000]: General error: 1 table car_rental_logs has no column named request_data

at vendor\laravel\framework\src\Illuminate\Database\Connection.php:564
at vendor\laravel\framework\src\Illuminate\Database\Connection.php:811
at vendor\laravel\framework\src\Illuminate\Database\Connection.php:778
at vendor\laravel\framework\src\Illuminate\Database\Connection.php:559
at vendor\laravel\framework\src\Illuminate\Database\Connection.php:523
at vendor\laravel\framework\src\Illuminate\Database\Query\Processors\Processor.php:32
at vendor\laravel\framework\src\Illuminate\Database\Query\Builder.php:3853
at vendor\laravel\framework\src\Illuminate\Database\Eloquent\Builder.php:2235
at vendor\laravel\framework\src\Illuminate\Database\Eloquent\Model.php:1436
at vendor\laravel\framework\src\Illuminate\Database\Eloquent\Model.php:1401
at vendor\laravel\framework\src\Illuminate\Database\Eloquent\Model.php:1240
at vendor\laravel\framework\src\Illuminate\Database\Eloquent\Factories\Factory.php:370
at vendor\laravel\framework\src\Illuminate\Collections\Traits\EnumeratesValues.php:271
at vendor\laravel\framework\src\Illuminate\Database\Eloquent\Factories\Factory.php:365
at vendor\laravel\framework\src\Illuminate\Database\Eloquent\Factories\Factory.php:321
at vendor\laravel\framework\src\Illuminate\Database\Eloquent\Factories\Factory.php:315
at tests\Feature\ActivityLogManagementTest.php:255</error>
      </testcase>
      <testcase name="`Activity Log Management` → `System Performance Logs` → it tracks API response times" class="Tests\Feature\ActivityLogManagementTest" classname="Tests.Feature.ActivityLogManagementTest" file="tests\Feature\ActivityLogManagementTest.php::`Activity Log Management` → `System Performance Logs` → it tracks API response times" line="0" assertions="0" time="0.194010">
        <error type="Illuminate\Database\QueryException">`Activity Log Management` → `System Performance Logs` → it tracks API response timesIlluminate\Database\QueryException: SQLSTATE[HY000]: General error: 1 table car_rental_logs has no column named request_data (Connection: sqlite, SQL: insert into "car_rental_logs" ("vehicle_id", "user_id", "action", "description", "metadata", "request_data", "updated_at", "created_at") values (1, 5, api_request, Vehicle was reported for issues, {"ip_address":"78.108.26.67","user_agent":"Mozilla\/5.0 (iPhone; CPU iPhone OS 15_0 like Mac OS X) AppleWebKit\/605.1.15","browser":"Firefox","device_type":"tablet","location":"New Sibyl","session_id":"e7ca4ab8-900d-3d32-9af8-f6f58ebd06bb","previous_value":null,"new_value":"placeat"}, {"endpoint":"\/api\/vehicles","response_time":178,"status_code":200}, 2025-09-27 04:32:59, 2025-09-27 04:32:59))&#13;
at vendor\laravel\framework\src\Illuminate\Database\Connection.php:564
at vendor\laravel\framework\src\Illuminate\Database\Connection.php:811
at vendor\laravel\framework\src\Illuminate\Database\Connection.php:778
at vendor\laravel\framework\src\Illuminate\Database\Connection.php:559
at vendor\laravel\framework\src\Illuminate\Database\Connection.php:523
at vendor\laravel\framework\src\Illuminate\Database\Query\Processors\Processor.php:32
at vendor\laravel\framework\src\Illuminate\Database\Query\Builder.php:3853
at vendor\laravel\framework\src\Illuminate\Database\Eloquent\Builder.php:2235
at vendor\laravel\framework\src\Illuminate\Database\Eloquent\Model.php:1436
at vendor\laravel\framework\src\Illuminate\Database\Eloquent\Model.php:1401
at vendor\laravel\framework\src\Illuminate\Database\Eloquent\Model.php:1240
at vendor\laravel\framework\src\Illuminate\Database\Eloquent\Factories\Factory.php:370
at vendor\laravel\framework\src\Illuminate\Collections\Traits\EnumeratesValues.php:271
at vendor\laravel\framework\src\Illuminate\Database\Eloquent\Factories\Factory.php:365
at vendor\laravel\framework\src\Illuminate\Database\Eloquent\Factories\Factory.php:325
at vendor\laravel\framework\src\Illuminate\Database\Eloquent\Factories\Factory.php:315
at tests\Feature\ActivityLogManagementTest.php:272
Caused by
PDOException: SQLSTATE[HY000]: General error: 1 table car_rental_logs has no column named request_data

at vendor\laravel\framework\src\Illuminate\Database\Connection.php:564
at vendor\laravel\framework\src\Illuminate\Database\Connection.php:811
at vendor\laravel\framework\src\Illuminate\Database\Connection.php:778
at vendor\laravel\framework\src\Illuminate\Database\Connection.php:559
at vendor\laravel\framework\src\Illuminate\Database\Connection.php:523
at vendor\laravel\framework\src\Illuminate\Database\Query\Processors\Processor.php:32
at vendor\laravel\framework\src\Illuminate\Database\Query\Builder.php:3853
at vendor\laravel\framework\src\Illuminate\Database\Eloquent\Builder.php:2235
at vendor\laravel\framework\src\Illuminate\Database\Eloquent\Model.php:1436
at vendor\laravel\framework\src\Illuminate\Database\Eloquent\Model.php:1401
at vendor\laravel\framework\src\Illuminate\Database\Eloquent\Model.php:1240
at vendor\laravel\framework\src\Illuminate\Database\Eloquent\Factories\Factory.php:370
at vendor\laravel\framework\src\Illuminate\Collections\Traits\EnumeratesValues.php:271
at vendor\laravel\framework\src\Illuminate\Database\Eloquent\Factories\Factory.php:365
at vendor\laravel\framework\src\Illuminate\Database\Eloquent\Factories\Factory.php:325
at vendor\laravel\framework\src\Illuminate\Database\Eloquent\Factories\Factory.php:315
at tests\Feature\ActivityLogManagementTest.php:272</error>
      </testcase>
      <testcase name="`Activity Log Management` → `Log Cleanup` → it allows admin to cleanup old logs" class="Tests\Feature\ActivityLogManagementTest" classname="Tests.Feature.ActivityLogManagementTest" file="tests\Feature\ActivityLogManagementTest.php::`Activity Log Management` → `Log Cleanup` → it allows admin to cleanup old logs" line="0" assertions="1" time="29.614138">
        <failure type="PHPUnit\Framework\ExpectationFailedException">`Activity Log Management` → `Log Cleanup` → it allows admin to cleanup old logsExpected response status code [&gt;=200, &lt;300] but received 405.
Failed asserting that false is true.&#13;
at vendor\laravel\framework\src\Illuminate\Testing\TestResponseAssert.php:45
at vendor\laravel\framework\src\Illuminate\Testing\TestResponse.php:103
at tests\Feature\ActivityLogManagementTest.php:294</failure>
      </testcase>
      <testcase name="`Activity Log Management` → `Log Cleanup` → it prevents cleanup of recent logs" class="Tests\Feature\ActivityLogManagementTest" classname="Tests.Feature.ActivityLogManagementTest" file="tests\Feature\ActivityLogManagementTest.php::`Activity Log Management` → `Log Cleanup` → it prevents cleanup of recent logs" line="0" assertions="1" time="17.264171">
        <failure type="PHPUnit\Framework\ExpectationFailedException">`Activity Log Management` → `Log Cleanup` → it prevents cleanup of recent logsSession is missing expected key [errors].
Failed asserting that false is true.&#13;
at vendor\laravel\framework\src\Illuminate\Testing\TestResponseAssert.php:45
at vendor\laravel\framework\src\Illuminate\Testing\TestResponse.php:1517
at vendor\laravel\framework\src\Illuminate\Testing\TestResponse.php:1594
at tests\Feature\ActivityLogManagementTest.php:302</failure>
      </testcase>
      <testcase name="`Activity Log Management` → `Real-time Activity Monitoring` → it displays live activity feed" class="Tests\Feature\ActivityLogManagementTest" classname="Tests.Feature.ActivityLogManagementTest" file="tests\Feature\ActivityLogManagementTest.php::`Activity Log Management` → `Real-time Activity Monitoring` → it displays live activity feed" line="0" assertions="1" time="0.310211">
        <failure type="PHPUnit\Framework\ExpectationFailedException">`Activity Log Management` → `Real-time Activity Monitoring` → it displays live activity feedExpected response status code [&gt;=200, &lt;300] but received 404.
Failed asserting that false is true.&#13;
at vendor\laravel\framework\src\Illuminate\Testing\TestResponseAssert.php:45
at vendor\laravel\framework\src\Illuminate\Testing\TestResponse.php:103
at tests\Feature\ActivityLogManagementTest.php:312</failure>
      </testcase>
      <testcase name="`Activity Log Management` → `Real-time Activity Monitoring` → it filters live activity by action type" class="Tests\Feature\ActivityLogManagementTest" classname="Tests.Feature.ActivityLogManagementTest" file="tests\Feature\ActivityLogManagementTest.php::`Activity Log Management` → `Real-time Activity Monitoring` → it filters live activity by action type" line="0" assertions="1" time="0.263354">
        <failure type="PHPUnit\Framework\ExpectationFailedException">`Activity Log Management` → `Real-time Activity Monitoring` → it filters live activity by action typeExpected response status code [&gt;=200, &lt;300] but received 404.
Failed asserting that false is true.&#13;
at vendor\laravel\framework\src\Illuminate\Testing\TestResponseAssert.php:45
at vendor\laravel\framework\src\Illuminate\Testing\TestResponse.php:103
at tests\Feature\ActivityLogManagementTest.php:323</failure>
      </testcase>
    </testsuite>
    <testsuite name="Tests\Feature\AdminPermissionsTest" file="tests\Feature\AdminPermissionsTest.php" tests="6" assertions="8" errors="0" failures="0" skipped="0" time="3.906726">
      <testcase name="it allows admin to access users resource methods" class="Tests\Feature\AdminPermissionsTest" classname="Tests.Feature.AdminPermissionsTest" file="tests\Feature\AdminPermissionsTest.php::it allows admin to access users resource methods" line="0" assertions="3" time="0.213413"/>
      <testcase name="it allows admin to access vehicle actions" class="Tests\Feature\AdminPermissionsTest" classname="Tests.Feature.AdminPermissionsTest" file="tests\Feature\AdminPermissionsTest.php::it allows admin to access vehicle actions" line="0" assertions="1" time="0.197488"/>
      <testcase name="it allows admin to view users resource page" class="Tests\Feature\AdminPermissionsTest" classname="Tests.Feature.AdminPermissionsTest" file="tests\Feature\AdminPermissionsTest.php::it allows admin to view users resource page" line="0" assertions="1" time="0.853203"/>
      <testcase name="it allows admin to view vehicles with actions available" class="Tests\Feature\AdminPermissionsTest" classname="Tests.Feature.AdminPermissionsTest" file="tests\Feature\AdminPermissionsTest.php::it allows admin to view vehicles with actions available" line="0" assertions="1" time="0.608093"/>
      <testcase name="it allows admin to view individual vehicle record" class="Tests\Feature\AdminPermissionsTest" classname="Tests.Feature.AdminPermissionsTest" file="tests\Feature\AdminPermissionsTest.php::it allows admin to view individual vehicle record" line="0" assertions="1" time="1.130187"/>
      <testcase name="it allows admin to edit vehicle record" class="Tests\Feature\AdminPermissionsTest" classname="Tests.Feature.AdminPermissionsTest" file="tests\Feature\AdminPermissionsTest.php::it allows admin to edit vehicle record" line="0" assertions="1" time="0.904341"/>
    </testsuite>
    <testsuite name="Tests\Feature\Api\BookingControllerTest" file="tests\Feature\Api\BookingControllerTest.php" tests="7" assertions="7" errors="0" failures="7" skipped="0" time="1.277715">
      <testcase name="can create booking with visa payment" class="Tests\Feature\Api\BookingControllerTest" classname="Tests.Feature.Api.BookingControllerTest" file="tests\Feature\Api\BookingControllerTest.php::can create booking with visa payment" line="0" assertions="1" time="0.294198">
        <failure type="PHPUnit\Framework\ExpectationFailedException">can create booking with visa paymentExpected response status code [&gt;=200, &lt;300] but received 500.
Failed asserting that false is true.&#13;
&#13;
The following exception occurred during the last request:

Error: Class "Stripe\Stripe" not found in C:\laragon\www\CarRentSystem\app\Services\PaymentService.php:19
Stack trace:
#0 [internal function]: App\Services\PaymentService-&gt;__construct()
#1 C:\laragon\www\CarRentSystem\vendor\laravel\framework\src\Illuminate\Container\Container.php(1211): ReflectionClass-&gt;newInstanceArgs(Array)
#2 C:\laragon\www\CarRentSystem\vendor\laravel\framework\src\Illuminate\Container\Container.php(972): Illuminate\Container\Container-&gt;build('App\\Services\\Pa...')
#3 C:\laragon\www\CarRentSystem\vendor\laravel\framework\src\Illuminate\Foundation\Application.php(1078): Illuminate\Container\Container-&gt;resolve('App\\Services\\Pa...', Array, true)
#4 C:\laragon\www\CarRentSystem\vendor\laravel\framework\src\Illuminate\Container\Container.php(903): Illuminate\Foundation\Application-&gt;resolve('App\\Services\\Pa...', Array)
#5 C:\laragon\www\CarRentSystem\vendor\laravel\framework\src\Illuminate\Foundation\Application.php(1058): Illuminate\Container\Container-&gt;make('App\\Services\\Pa...', Array)
#6 C:\laragon\www\CarRentSystem\vendor\laravel\framework\src\Illuminate\Container\Container.php(1379): Illuminate\Foundation\Application-&gt;make('App\\Services\\Pa...')
#7 C:\laragon\www\CarRentSystem\vendor\laravel\framework\src\Illuminate\Container\Container.php(1278): Illuminate\Container\Container-&gt;resolveClass(Object(ReflectionParameter))
#8 C:\laragon\www\CarRentSystem\vendor\laravel\framework\src\Illuminate\Container\Container.php(1201): Illuminate\Container\Container-&gt;resolveDependencies(Array)
#9 C:\laragon\www\CarRentSystem\vendor\laravel\framework\src\Illuminate\Container\Container.php(972): Illuminate\Container\Container-&gt;build('App\\Actions\\Boo...')
#10 C:\laragon\www\CarRentSystem\vendor\laravel\framework\src\Illuminate\Foundation\Application.php(1078): Illuminate\Container\Container-&gt;resolve('App\\Actions\\Boo...', Array, true)
#11 C:\laragon\www\CarRentSystem\vendor\laravel\framework\src\Illuminate\Container\Container.php(903): Illuminate\Foundation\Application-&gt;resolve('App\\Actions\\Boo...', Array)
#12 C:\laragon\www\CarRentSystem\vendor\laravel\framework\src\Illuminate\Foundation\Application.php(1058): Illuminate\Container\Container-&gt;make('App\\Actions\\Boo...', Array)
#13 C:\laragon\www\CarRentSystem\vendor\laravel\framework\src\Illuminate\Container\Container.php(1379): Illuminate\Foundation\Application-&gt;make('App\\Actions\\Boo...')
#14 C:\laragon\www\CarRentSystem\vendor\laravel\framework\src\Illuminate\Container\Container.php(1278): Illuminate\Container\Container-&gt;resolveClass(Object(ReflectionParameter))
#15 C:\laragon\www\CarRentSystem\vendor\laravel\framework\src\Illuminate\Container\Container.php(1201): Illuminate\Container\Container-&gt;resolveDependencies(Array)
#16 C:\laragon\www\CarRentSystem\vendor\laravel\framework\src\Illuminate\Container\Container.php(972): Illuminate\Container\Container-&gt;build('App\\Http\\Contro...')
#17 C:\laragon\www\CarRentSystem\vendor\laravel\framework\src\Illuminate\Foundation\Application.php(1078): Illuminate\Container\Container-&gt;resolve('App\\Http\\Contro...', Array, true)
#18 C:\laragon\www\CarRentSystem\vendor\laravel\framework\src\Illuminate\Container\Container.php(903): Illuminate\Foundation\Application-&gt;resolve('App\\Http\\Contro...', Array)
#19 C:\laragon\www\CarRentSystem\vendor\laravel\framework\src\Illuminate\Foundation\Application.php(1058): Illuminate\Container\Container-&gt;make('App\\Http\\Contro...', Array)
#20 C:\laragon\www\CarRentSystem\vendor\laravel\framework\src\Illuminate\Routing\Route.php(286): Illuminate\Foundation\Application-&gt;make('App\\Http\\Contro...')
#21 C:\laragon\www\CarRentSystem\vendor\laravel\framework\src\Illuminate\Routing\Route.php(266): Illuminate\Routing\Route-&gt;getController()
#22 C:\laragon\www\CarRentSystem\vendor\laravel\framework\src\Illuminate\Routing\Route.php(211): Illuminate\Routing\Route-&gt;runController()
#23 C:\laragon\www\CarRentSystem\vendor\laravel\framework\src\Illuminate\Routing\Router.php(822): Illuminate\Routing\Route-&gt;run()
#24 C:\laragon\www\CarRentSystem\vendor\laravel\framework\src\Illuminate\Pipeline\Pipeline.php(180): Illuminate\Routing\Router-&gt;{closure:Illuminate\Routing\Router::runRouteWithinStack():821}(Object(Illuminate\Http\Request))
#25 C:\laragon\www\CarRentSystem\vendor\laravel\framework\src\Illuminate\Routing\Middleware\SubstituteBindings.php(50): Illuminate\Pipeline\Pipeline-&gt;{closure:Illuminate\Pipeline\Pipeline::prepareDestination():178}(Object(Illuminate\Http\Request))
#26 C:\laragon\www\CarRentSystem\vendor\laravel\framework\src\Illuminate\Pipeline\Pipeline.php(219): Illuminate\Routing\Middleware\SubstituteBindings-&gt;handle(Object(Illuminate\Http\Request), Object(Closure))
#27 C:\laragon\www\CarRentSystem\vendor\laravel\framework\src\Illuminate\Routing\Middleware\ThrottleRequests.php(160): Illuminate\Pipeline\Pipeline-&gt;{closure:{closure:Illuminate\Pipeline\Pipeline::carry():194}:195}(Object(Illuminate\Http\Request))
#28 C:\laragon\www\CarRentSystem\vendor\laravel\framework\src\Illuminate\Routing\Middleware\ThrottleRequests.php(91): Illuminate\Routing\Middleware\ThrottleRequests-&gt;handleRequest(Object(Illuminate\Http\Request), Object(Closure), Array)
#29 C:\laragon\www\CarRentSystem\vendor\laravel\framework\src\Illuminate\Pipeline\Pipeline.php(219): Illuminate\Routing\Middleware\ThrottleRequests-&gt;handle(Object(Illuminate\Http\Request), Object(Closure), '10', '1')
#30 C:\laragon\www\CarRentSystem\vendor\laravel\framework\src\Illuminate\Auth\Middleware\Authenticate.php(63): Illuminate\Pipeline\Pipeline-&gt;{closure:{closure:Illuminate\Pipeline\Pipeline::carry():194}:195}(Object(Illuminate\Http\Request))
#31 C:\laragon\www\CarRentSystem\vendor\laravel\framework\src\Illuminate\Pipeline\Pipeline.php(219): Illuminate\Auth\Middleware\Authenticate-&gt;handle(Object(Illuminate\Http\Request), Object(Closure), 'sanctum')
#32 C:\laragon\www\CarRentSystem\vendor\laravel\sanctum\src\Http\Middleware\EnsureFrontendRequestsAreStateful.php(26): Illuminate\Pipeline\Pipeline-&gt;{closure:{closure:Illuminate\Pipeline\Pipeline::carry():194}:195}(Object(Illuminate\Http\Request))
#33 C:\laragon\www\CarRentSystem\vendor\laravel\framework\src\Illuminate\Pipeline\Pipeline.php(180): Laravel\Sanctum\Http\Middleware\EnsureFrontendRequestsAreStateful-&gt;{closure:Laravel\Sanctum\Http\Middleware\EnsureFrontendRequestsAreStateful::handle():25}(Object(Illuminate\Http\Request))
#34 C:\laragon\www\CarRentSystem\vendor\laravel\framework\src\Illuminate\Pipeline\Pipeline.php(137): Illuminate\Pipeline\Pipeline-&gt;{closure:Illuminate\Pipeline\Pipeline::prepareDestination():178}(Object(Illuminate\Http\Request))
#35 C:\laragon\www\CarRentSystem\vendor\laravel\sanctum\src\Http\Middleware\EnsureFrontendRequestsAreStateful.php(25): Illuminate\Pipeline\Pipeline-&gt;then(Object(Closure))
#36 C:\laragon\www\CarRentSystem\vendor\laravel\framework\src\Illuminate\Pipeline\Pipeline.php(219): Laravel\Sanctum\Http\Middleware\EnsureFrontendRequestsAreStateful-&gt;handle(Object(Illuminate\Http\Request), Object(Closure))
#37 C:\laragon\www\CarRentSystem\vendor\laravel\framework\src\Illuminate\Pipeline\Pipeline.php(137): Illuminate\Pipeline\Pipeline-&gt;{closure:{closure:Illuminate\Pipeline\Pipeline::carry():194}:195}(Object(Illuminate\Http\Request))
#38 C:\laragon\www\CarRentSystem\vendor\laravel\framework\src\Illuminate\Routing\Router.php(821): Illuminate\Pipeline\Pipeline-&gt;then(Object(Closure))
#39 C:\laragon\www\CarRentSystem\vendor\laravel\framework\src\Illuminate\Routing\Router.php(800): Illuminate\Routing\Router-&gt;runRouteWithinStack(Object(Illuminate\Routing\Route), Object(Illuminate\Http\Request))
#40 C:\laragon\www\CarRentSystem\vendor\laravel\framework\src\Illuminate\Routing\Router.php(764): Illuminate\Routing\Router-&gt;runRoute(Object(Illuminate\Http\Request), Object(Illuminate\Routing\Route))
#41 C:\laragon\www\CarRentSystem\vendor\laravel\framework\src\Illuminate\Routing\Router.php(753): Illuminate\Routing\Router-&gt;dispatchToRoute(Object(Illuminate\Http\Request))
#42 C:\laragon\www\CarRentSystem\vendor\laravel\framework\src\Illuminate\Foundation\Http\Kernel.php(200): Illuminate\Routing\Router-&gt;dispatch(Object(Illuminate\Http\Request))
#43 C:\laragon\www\CarRentSystem\vendor\laravel\framework\src\Illuminate\Pipeline\Pipeline.php(180): Illuminate\Foundation\Http\Kernel-&gt;{closure:Illuminate\Foundation\Http\Kernel::dispatchToRouter():197}(Object(Illuminate\Http\Request))
#44 C:\laragon\www\CarRentSystem\vendor\livewire\livewire\src\Features\SupportDisablingBackButtonCache\DisableBackButtonCacheMiddleware.php(19): Illuminate\Pipeline\Pipeline-&gt;{closure:Illuminate\Pipeline\Pipeline::prepareDestination():178}(Object(Illuminate\Http\Request))
#45 C:\laragon\www\CarRentSystem\vendor\laravel\framework\src\Illuminate\Pipeline\Pipeline.php(219): Livewire\Features\SupportDisablingBackButtonCache\DisableBackButtonCacheMiddleware-&gt;handle(Object(Illuminate\Http\Request), Object(Closure))
#46 C:\laragon\www\CarRentSystem\vendor\laravel\framework\src\Illuminate\Foundation\Http\Middleware\TransformsRequest.php(21): Illuminate\Pipeline\Pipeline-&gt;{closure:{closure:Illuminate\Pipeline\Pipeline::carry():194}:195}(Object(Illuminate\Http\Request))
#47 C:\laragon\www\CarRentSystem\vendor\laravel\framework\src\Illuminate\Foundation\Http\Middleware\ConvertEmptyStringsToNull.php(31): Illuminate\Foundation\Http\Middleware\TransformsRequest-&gt;handle(Object(Illuminate\Http\Request), Object(Closure))
#48 C:\laragon\www\CarRentSystem\vendor\laravel\framework\src\Illuminate\Pipeline\Pipeline.php(219): Illuminate\Foundation\Http\Middleware\ConvertEmptyStringsToNull-&gt;handle(Object(Illuminate\Http\Request), Object(Closure))
#49 C:\laragon\www\CarRentSystem\vendor\laravel\framework\src\Illuminate\Foundation\Http\Middleware\TransformsRequest.php(21): Illuminate\Pipeline\Pipeline-&gt;{closure:{closure:Illuminate\Pipeline\Pipeline::carry():194}:195}(Object(Illuminate\Http\Request))
#50 C:\laragon\www\CarRentSystem\vendor\laravel\framework\src\Illuminate\Foundation\Http\Middleware\TrimStrings.php(51): Illuminate\Foundation\Http\Middleware\TransformsRequest-&gt;handle(Object(Illuminate\Http\Request), Object(Closure))
#51 C:\laragon\www\CarRentSystem\vendor\laravel\framework\src\Illuminate\Pipeline\Pipeline.php(219): Illuminate\Foundation\Http\Middleware\TrimStrings-&gt;handle(Object(Illuminate\Http\Request), Object(Closure))
#52 C:\laragon\www\CarRentSystem\vendor\laravel\framework\src\Illuminate\Http\Middleware\ValidatePostSize.php(27): Illuminate\Pipeline\Pipeline-&gt;{closure:{closure:Illuminate\Pipeline\Pipeline::carry():194}:195}(Object(Illuminate\Http\Request))
#53 C:\laragon\www\CarRentSystem\vendor\laravel\framework\src\Illuminate\Pipeline\Pipeline.php(219): Illuminate\Http\Middleware\ValidatePostSize-&gt;handle(Object(Illuminate\Http\Request), Object(Closure))
#54 C:\laragon\www\CarRentSystem\vendor\laravel\framework\src\Illuminate\Foundation\Http\Middleware\PreventRequestsDuringMaintenance.php(109): Illuminate\Pipeline\Pipeline-&gt;{closure:{closure:Illuminate\Pipeline\Pipeline::carry():194}:195}(Object(Illuminate\Http\Request))
#55 C:\laragon\www\CarRentSystem\vendor\laravel\framework\src\Illuminate\Pipeline\Pipeline.php(219): Illuminate\Foundation\Http\Middleware\PreventRequestsDuringMaintenance-&gt;handle(Object(Illuminate\Http\Request), Object(Closure))
#56 C:\laragon\www\CarRentSystem\vendor\laravel\framework\src\Illuminate\Http\Middleware\HandleCors.php(61): Illuminate\Pipeline\Pipeline-&gt;{closure:{closure:Illuminate\Pipeline\Pipeline::carry():194}:195}(Object(Illuminate\Http\Request))
#57 C:\laragon\www\CarRentSystem\vendor\laravel\framework\src\Illuminate\Pipeline\Pipeline.php(219): Illuminate\Http\Middleware\HandleCors-&gt;handle(Object(Illuminate\Http\Request), Object(Closure))
#58 C:\laragon\www\CarRentSystem\vendor\laravel\framework\src\Illuminate\Http\Middleware\TrustProxies.php(58): Illuminate\Pipeline\Pipeline-&gt;{closure:{closure:Illuminate\Pipeline\Pipeline::carry():194}:195}(Object(Illuminate\Http\Request))
#59 C:\laragon\www\CarRentSystem\vendor\laravel\framework\src\Illuminate\Pipeline\Pipeline.php(219): Illuminate\Http\Middleware\TrustProxies-&gt;handle(Object(Illuminate\Http\Request), Object(Closure))
#60 C:\laragon\www\CarRentSystem\vendor\laravel\framework\src\Illuminate\Foundation\Http\Middleware\InvokeDeferredCallbacks.php(22): Illuminate\Pipeline\Pipeline-&gt;{closure:{closure:Illuminate\Pipeline\Pipeline::carry():194}:195}(Object(Illuminate\Http\Request))
#61 C:\laragon\www\CarRentSystem\vendor\laravel\framework\src\Illuminate\Pipeline\Pipeline.php(219): Illuminate\Foundation\Http\Middleware\InvokeDeferredCallbacks-&gt;handle(Object(Illuminate\Http\Request), Object(Closure))
#62 C:\laragon\www\CarRentSystem\vendor\laravel\framework\src\Illuminate\Http\Middleware\ValidatePathEncoding.php(26): Illuminate\Pipeline\Pipeline-&gt;{closure:{closure:Illuminate\Pipeline\Pipeline::carry():194}:195}(Object(Illuminate\Http\Request))
#63 C:\laragon\www\CarRentSystem\vendor\laravel\framework\src\Illuminate\Pipeline\Pipeline.php(219): Illuminate\Http\Middleware\ValidatePathEncoding-&gt;handle(Object(Illuminate\Http\Request), Object(Closure))
#64 C:\laragon\www\CarRentSystem\vendor\laravel\framework\src\Illuminate\Pipeline\Pipeline.php(137): Illuminate\Pipeline\Pipeline-&gt;{closure:{closure:Illuminate\Pipeline\Pipeline::carry():194}:195}(Object(Illuminate\Http\Request))
#65 C:\laragon\www\CarRentSystem\vendor\laravel\framework\src\Illuminate\Foundation\Http\Kernel.php(175): Illuminate\Pipeline\Pipeline-&gt;then(Object(Closure))
#66 C:\laragon\www\CarRentSystem\vendor\laravel\framework\src\Illuminate\Foundation\Http\Kernel.php(144): Illuminate\Foundation\Http\Kernel-&gt;sendRequestThroughRouter(Object(Illuminate\Http\Request))
#67 C:\laragon\www\CarRentSystem\vendor\laravel\framework\src\Illuminate\Foundation\Testing\Concerns\MakesHttpRequests.php(607): Illuminate\Foundation\Http\Kernel-&gt;handle(Object(Illuminate\Http\Request))
#68 C:\laragon\www\CarRentSystem\vendor\laravel\framework\src\Illuminate\Foundation\Testing\Concerns\MakesHttpRequests.php(573): Illuminate\Foundation\Testing\TestCase-&gt;call('POST', '/api/bookings', Array, Array, Array, Array, '{"car_id":1,"st...')
#69 C:\laragon\www\CarRentSystem\vendor\laravel\framework\src\Illuminate\Foundation\Testing\Concerns\MakesHttpRequests.php(411): Illuminate\Foundation\Testing\TestCase-&gt;json('POST', '/api/bookings', Array, Array, 0)
#70 C:\laragon\www\CarRentSystem\tests\Feature\Api\BookingControllerTest.php(19): Illuminate\Foundation\Testing\TestCase-&gt;postJson('/api/bookings', Array)
#71 C:\laragon\www\CarRentSystem\vendor\pestphp\pest\src\Factories\TestCaseMethodFactory.php(168): P\Tests\Feature\Api\BookingControllerTest-&gt;{closure:C:\laragon\www\CarRentSystem\tests\Feature\Api\BookingControllerTest.php:7}()
#72 [internal function]: P\Tests\Feature\Api\BookingControllerTest-&gt;{closure:Pest\Factories\TestCaseMethodFactory::getClosure():158}()
#73 C:\laragon\www\CarRentSystem\vendor\pestphp\pest\src\Concerns\Testable.php(429): call_user_func_array(Object(Closure), Array)
#74 C:\laragon\www\CarRentSystem\vendor\pestphp\pest\src\Support\ExceptionTrace.php(26): P\Tests\Feature\Api\BookingControllerTest-&gt;{closure:Pest\Concerns\Testable::__callClosure():429}()
#75 C:\laragon\www\CarRentSystem\vendor\pestphp\pest\src\Concerns\Testable.php(429): Pest\Support\ExceptionTrace::ensure(Object(Closure))
#76 C:\laragon\www\CarRentSystem\vendor\pestphp\pest\src\Concerns\Testable.php(331): P\Tests\Feature\Api\BookingControllerTest-&gt;__callClosure(Object(Closure), Array)
#77 C:\laragon\www\CarRentSystem\vendor\pestphp\pest\src\Factories\TestCaseFactory.php(169) : eval()'d code(19): P\Tests\Feature\Api\BookingControllerTest-&gt;__runTest(Object(Closure))
#78 C:\laragon\www\CarRentSystem\vendor\phpunit\phpunit\src\Framework\TestCase.php(1316): P\Tests\Feature\Api\BookingControllerTest-&gt;__pest_evaluable_can_create_booking_with_visa_payment()
#79 C:\laragon\www\CarRentSystem\vendor\phpunit\phpunit\src\Framework\TestCase.php(516): PHPUnit\Framework\TestCase-&gt;runTest()
#80 C:\laragon\www\CarRentSystem\vendor\phpunit\phpunit\src\Framework\TestRunner\TestRunner.php(99): PHPUnit\Framework\TestCase-&gt;runBare()
#81 C:\laragon\www\CarRentSystem\vendor\phpunit\phpunit\src\Framework\TestCase.php(357): PHPUnit\Framework\TestRunner-&gt;run(Object(P\Tests\Feature\Api\BookingControllerTest))
#82 C:\laragon\www\CarRentSystem\vendor\phpunit\phpunit\src\Framework\TestSuite.php(374): PHPUnit\Framework\TestCase-&gt;run()
#83 C:\laragon\www\CarRentSystem\vendor\brianium\paratest\src\WrapperRunner\ApplicationForWrapperWorker.php(116): PHPUnit\Framework\TestSuite-&gt;run()
#84 C:\laragon\www\CarRentSystem\vendor\pestphp\pest\bin\worker.php(105): ParaTest\WrapperRunner\ApplicationForWrapperWorker-&gt;runTest('C:\\laragon\\www\\...')
#85 C:\laragon\www\CarRentSystem\vendor\pestphp\pest\bin\worker.php(110): {closure:C:\laragon\www\CarRentSystem\vendor\pestphp\pest\bin\worker.php:30}()
#86 {main}

----------------------------------------------------------------------------------

Class "Stripe\Stripe" not found&#13;
&#13;
at vendor\laravel\framework\src\Illuminate\Testing\TestResponseAssert.php:45
at vendor\laravel\framework\src\Illuminate\Testing\TestResponse.php:103
at tests\Feature\Api\BookingControllerTest.php:26</failure>
      </testcase>
      <testcase name="can create booking with cash payment" class="Tests\Feature\Api\BookingControllerTest" classname="Tests.Feature.Api.BookingControllerTest" file="tests\Feature\Api\BookingControllerTest.php::can create booking with cash payment" line="0" assertions="1" time="0.157941">
        <failure type="PHPUnit\Framework\ExpectationFailedException">can create booking with cash paymentExpected response status code [&gt;=200, &lt;300] but received 500.
Failed asserting that false is true.&#13;
&#13;
The following exception occurred during the last request:

Error: Class "Stripe\Stripe" not found in C:\laragon\www\CarRentSystem\app\Services\PaymentService.php:19
Stack trace:
#0 [internal function]: App\Services\PaymentService-&gt;__construct()
#1 C:\laragon\www\CarRentSystem\vendor\laravel\framework\src\Illuminate\Container\Container.php(1211): ReflectionClass-&gt;newInstanceArgs(Array)
#2 C:\laragon\www\CarRentSystem\vendor\laravel\framework\src\Illuminate\Container\Container.php(972): Illuminate\Container\Container-&gt;build('App\\Services\\Pa...')
[...]
      <testcase name="`Payment Model` → it uses correct table name" class="Tests\Unit\Models\PaymentTest" classname="Tests.Unit.Models.PaymentTest" file="tests\Unit\Models\PaymentTest.php::`Payment Model` → it uses correct table name" line="0" assertions="1" time="0.201810"/>
      <testcase name="`Payment Model` → it has correct fillable attributes" class="Tests\Unit\Models\PaymentTest" classname="Tests.Unit.Models.PaymentTest" file="tests\Unit\Models\PaymentTest.php::`Payment Model` → it has correct fillable attributes" line="0" assertions="1" time="0.156023"/>
      <testcase name="`Payment Model` → it casts attributes correctly" class="Tests\Unit\Models\PaymentTest" classname="Tests.Unit.Models.PaymentTest" file="tests\Unit\Models\PaymentTest.php::`Payment Model` → it casts attributes correctly" line="0" assertions="2" time="0.206436"/>
      <testcase name="`Payment Model` → it casts dates correctly" class="Tests\Unit\Models\PaymentTest" classname="Tests.Unit.Models.PaymentTest" file="tests\Unit\Models\PaymentTest.php::`Payment Model` → it casts dates correctly" line="0" assertions="2" time="0.388756"/>
      <testcase name="`Payment Model` → it can have different payment methods" class="Tests\Unit\Models\PaymentTest" classname="Tests.Unit.Models.PaymentTest" file="tests\Unit\Models\PaymentTest.php::`Payment Model` → it can have different payment methods" line="0" assertions="3" time="0.345353"/>
      <testcase name="`Payment Model` → it can have different payment statuses" class="Tests\Unit\Models\PaymentTest" classname="Tests.Unit.Models.PaymentTest" file="tests\Unit\Models\PaymentTest.php::`Payment Model` → it can have different payment statuses" line="0" assertions="4" time="0.232209"/>
      <testcase name="`Payment Model` → it can store gateway response data" class="Tests\Unit\Models\PaymentTest" classname="Tests.Unit.Models.PaymentTest" file="tests\Unit\Models\PaymentTest.php::`Payment Model` → it can store gateway response data" line="0" assertions="0" time="0.314585">
        <skipped/>
      </testcase>
      <testcase name="`Payment Model` → it can store digital payment data in gateway response" class="Tests\Unit\Models\PaymentTest" classname="Tests.Unit.Models.PaymentTest" file="tests\Unit\Models\PaymentTest.php::`Payment Model` → it can store digital payment data in gateway response" line="0" assertions="3" time="0.341711"/>
      <testcase name="`Payment Model` → it can handle cash payments with gateway response data" class="Tests\Unit\Models\PaymentTest" classname="Tests.Unit.Models.PaymentTest" file="tests\Unit\Models\PaymentTest.php::`Payment Model` → it can handle cash payments with gateway response data" line="0" assertions="5" time="0.276872"/>
      <testcase name="`Payment Model` → it can handle refunds" class="Tests\Unit\Models\PaymentTest" classname="Tests.Unit.Models.PaymentTest" file="tests\Unit\Models\PaymentTest.php::`Payment Model` → it can handle refunds" line="0" assertions="3" time="0.249185"/>
      <testcase name="`Payment Model` → it can handle payment failures" class="Tests\Unit\Models\PaymentTest" classname="Tests.Unit.Models.PaymentTest" file="tests\Unit\Models\PaymentTest.php::`Payment Model` → it can handle payment failures" line="0" assertions="0" time="0.169791">
        <skipped/>
      </testcase>
    </testsuite>
    <testsuite name="Tests\Unit\Models\ReviewTest" file="tests\Unit\Models\ReviewTest.php" tests="15" assertions="26" errors="0" failures="0" skipped="3" time="3.693724">
      <testcase name="`Review Model` → it belongs to a booking" class="Tests\Unit\Models\ReviewTest" classname="Tests.Unit.Models.ReviewTest" file="tests\Unit\Models\ReviewTest.php::`Review Model` → it belongs to a booking" line="0" assertions="2" time="0.404280"/>
      <testcase name="`Review Model` → it belongs to a vehicle" class="Tests\Unit\Models\ReviewTest" classname="Tests.Unit.Models.ReviewTest" file="tests\Unit\Models\ReviewTest.php::`Review Model` → it belongs to a vehicle" line="0" assertions="2" time="0.132932"/>
      <testcase name="`Review Model` → it belongs to a renter" class="Tests\Unit\Models\ReviewTest" classname="Tests.Unit.Models.ReviewTest" file="tests\Unit\Models\ReviewTest.php::`Review Model` → it belongs to a renter" line="0" assertions="2" time="0.291761"/>
      <testcase name="`Review Model` → it uses correct table name" class="Tests\Unit\Models\ReviewTest" classname="Tests.Unit.Models.ReviewTest" file="tests\Unit\Models\ReviewTest.php::`Review Model` → it uses correct table name" line="0" assertions="1" time="0.281543"/>
      <testcase name="`Review Model` → it has correct fillable attributes" class="Tests\Unit\Models\ReviewTest" classname="Tests.Unit.Models.ReviewTest" file="tests\Unit\Models\ReviewTest.php::`Review Model` → it has correct fillable attributes" line="0" assertions="1" time="0.261574"/>
      <testcase name="`Review Model` → it casts attributes correctly" class="Tests\Unit\Models\ReviewTest" classname="Tests.Unit.Models.ReviewTest" file="tests\Unit\Models\ReviewTest.php::`Review Model` → it casts attributes correctly" line="0" assertions="2" time="0.232535"/>
      <testcase name="`Review Model` → it validates rating range" class="Tests\Unit\Models\ReviewTest" classname="Tests.Unit.Models.ReviewTest" file="tests\Unit\Models\ReviewTest.php::`Review Model` → it validates rating range" line="0" assertions="5" time="0.419848"/>
      <testcase name="`Review Model` → it can have detailed ratings" class="Tests\Unit\Models\ReviewTest" classname="Tests.Unit.Models.ReviewTest" file="tests\Unit\Models\ReviewTest.php::`Review Model` → it can have detailed ratings" line="0" assertions="0" time="0.108986">
        <skipped/>
      </testcase>
      <testcase name="`Review Model` → it can have recommendation status" class="Tests\Unit\Models\ReviewTest" classname="Tests.Unit.Models.ReviewTest" file="tests\Unit\Models\ReviewTest.php::`Review Model` → it can have recommendation status" line="0" assertions="0" time="0.149665">
        <skipped/>
      </testcase>
      <testcase name="`Review Model` → it can have pros and cons" class="Tests\Unit\Models\ReviewTest" classname="Tests.Unit.Models.ReviewTest" file="tests\Unit\Models\ReviewTest.php::`Review Model` → it can have pros and cons" line="0" assertions="0" time="0.160638">
        <skipped/>
      </testcase>
      <testcase name="`Review Model` → it can be visible or hidden" class="Tests\Unit\Models\ReviewTest" classname="Tests.Unit.Models.ReviewTest" file="tests\Unit\Models\ReviewTest.php::`Review Model` → it can be visible or hidden" line="0" assertions="2" time="0.310035"/>
      <testcase name="`Review Model` → it creates reviews with factory states" class="Tests\Unit\Models\ReviewTest" classname="Tests.Unit.Models.ReviewTest" file="tests\Unit\Models\ReviewTest.php::`Review Model` → it creates reviews with factory states" line="0" assertions="3" time="0.291092"/>
      <testcase name="`Review Model` → it can calculate average rating" class="Tests\Unit\Models\ReviewTest" classname="Tests.Unit.Models.ReviewTest" file="tests\Unit\Models\ReviewTest.php::`Review Model` → it can calculate average rating" line="0" assertions="4" time="0.217405"/>
      <testcase name="`Review Model` → it ensures unique booking review constraint" class="Tests\Unit\Models\ReviewTest" classname="Tests.Unit.Models.ReviewTest" file="tests\Unit\Models\ReviewTest.php::`Review Model` → it ensures unique booking review constraint" line="0" assertions="1" time="0.202653"/>
      <testcase name="`Review Model` → it can filter visible reviews" class="Tests\Unit\Models\ReviewTest" classname="Tests.Unit.Models.ReviewTest" file="tests\Unit\Models\ReviewTest.php::`Review Model` → it can filter visible reviews" line="0" assertions="1" time="0.228778"/>
    </testsuite>
    <testsuite name="Tests\Unit\Models\UserTest" file="tests\Unit\Models\UserTest.php" tests="11" assertions="22" errors="0" failures="0" skipped="0" time="2.212722">
      <testcase name="`User Model` → it has correct fillable attributes" class="Tests\Unit\Models\UserTest" classname="Tests.Unit.Models.UserTest" file="tests\Unit\Models\UserTest.php::`User Model` → it has correct fillable attributes" line="0" assertions="1" time="0.224658"/>
      <testcase name="`User Model` → it has correct hidden attributes" class="Tests\Unit\Models\UserTest" classname="Tests.Unit.Models.UserTest" file="tests\Unit\Models\UserTest.php::`User Model` → it has correct hidden attributes" line="0" assertions="1" time="0.179801"/>
      <testcase name="`User Model` → it casts attributes correctly" class="Tests\Unit\Models\UserTest" classname="Tests.Unit.Models.UserTest" file="tests\Unit\Models\UserTest.php::`User Model` → it casts attributes correctly" line="0" assertions="3" time="0.141865"/>
      <testcase name="`User Model` → it hashes password when set" class="Tests\Unit\Models\UserTest" classname="Tests.Unit.Models.UserTest" file="tests\Unit\Models\UserTest.php::`User Model` → it hashes password when set" line="0" assertions="2" time="0.121854"/>
      <testcase name="`User Model` → it can be created with different roles" class="Tests\Unit\Models\UserTest" classname="Tests.Unit.Models.UserTest" file="tests\Unit\Models\UserTest.php::`User Model` → it can be created with different roles" line="0" assertions="3" time="0.295673"/>
      <testcase name="`User Model` → it owner can have many vehicles" class="Tests\Unit\Models\UserTest" classname="Tests.Unit.Models.UserTest" file="tests\Unit\Models\UserTest.php::`User Model` → it owner can have many vehicles" line="0" assertions="2" time="0.423677"/>
      <testcase name="`User Model` → it renter can have many bookings" class="Tests\Unit\Models\UserTest" classname="Tests.Unit.Models.UserTest" file="tests\Unit\Models\UserTest.php::`User Model` → it renter can have many bookings" line="0" assertions="2" time="0.229696"/>
      <testcase name="`User Model` → it renter can have many reviews" class="Tests\Unit\Models\UserTest" classname="Tests.Unit.Models.UserTest" file="tests\Unit\Models\UserTest.php::`User Model` → it renter can have many reviews" line="0" assertions="2" time="0.278868"/>
      <testcase name="`User Model` → it has unique email constraint" class="Tests\Unit\Models\UserTest" classname="Tests.Unit.Models.UserTest" file="tests\Unit\Models\UserTest.php::`User Model` → it has unique email constraint" line="0" assertions="1" time="0.118918"/>
      <testcase name="`User Model` → it can update profile information" class="Tests\Unit\Models\UserTest" classname="Tests.Unit.Models.UserTest" file="tests\Unit\Models\UserTest.php::`User Model` → it can update profile information" line="0" assertions="3" time="0.091591"/>
      <testcase name="`User Model` → it uses email verification" class="Tests\Unit\Models\UserTest" classname="Tests.Unit.Models.UserTest" file="tests\Unit\Models\UserTest.php::`User Model` → it uses email verification" line="0" assertions="2" time="0.106123"/>
    </testsuite>
    <testsuite name="Tests\Unit\Models\VehicleTest" file="tests\Unit\Models\VehicleTest.php" tests="19" assertions="35" errors="0" failures="0" skipped="0" time="3.119972">
      <testcase name="`Vehicle Model` → it belongs to an owner" class="Tests\Unit\Models\VehicleTest" classname="Tests.Unit.Models.VehicleTest" file="tests\Unit\Models\VehicleTest.php::`Vehicle Model` → it belongs to an owner" line="0" assertions="2" time="0.119896"/>
      <testcase name="`Vehicle Model` → it has many vehicle images" class="Tests\Unit\Models\VehicleTest" classname="Tests.Unit.Models.VehicleTest" file="tests\Unit\Models\VehicleTest.php::`Vehicle Model` → it has many vehicle images" line="0" assertions="2" time="0.148293"/>
      <testcase name="`Vehicle Model` → it has many bookings" class="Tests\Unit\Models\VehicleTest" classname="Tests.Unit.Models.VehicleTest" file="tests\Unit\Models\VehicleTest.php::`Vehicle Model` → it has many bookings" line="0" assertions="2" time="0.240489"/>
      <testcase name="`Vehicle Model` → it has many reviews" class="Tests\Unit\Models\VehicleTest" classname="Tests.Unit.Models.VehicleTest" file="tests\Unit\Models\VehicleTest.php::`Vehicle Model` → it has many reviews" line="0" assertions="2" time="0.203207"/>
      <testcase name="`Vehicle Model` → it casts attributes correctly" class="Tests\Unit\Models\VehicleTest" classname="Tests.Unit.Models.VehicleTest" file="tests\Unit\Models\VehicleTest.php::`Vehicle Model` → it casts attributes correctly" line="0" assertions="5" time="0.152402"/>
      <testcase name="`Vehicle Model` → it has correct fillable attributes" class="Tests\Unit\Models\VehicleTest" classname="Tests.Unit.Models.VehicleTest" file="tests\Unit\Models\VehicleTest.php::`Vehicle Model` → it has correct fillable attributes" line="0" assertions="1" time="0.127906"/>
      <testcase name="`Vehicle Model` → it uses correct table name" class="Tests\Unit\Models\VehicleTest" classname="Tests.Unit.Models.VehicleTest" file="tests\Unit\Models\VehicleTest.php::`Vehicle Model` → it uses correct table name" line="0" assertions="1" time="0.131373"/>
      <testcase name="`Vehicle Model` → it can create vehicle with required attributes" class="Tests\Unit\Models\VehicleTest" classname="Tests.Unit.Models.VehicleTest" file="tests\Unit\Models\VehicleTest.php::`Vehicle Model` → it can create vehicle with required attributes" line="0" assertions="4" time="0.193001"/>
      <testcase name="`Vehicle Model` → it handles invalid daily rate gracefully" class="Tests\Unit\Models\VehicleTest" classname="Tests.Unit.Models.VehicleTest" file="tests\Unit\Models\VehicleTest.php::`Vehicle Model` → it handles invalid daily rate gracefully" line="0" assertions="1" time="0.207507"/>
      <testcase name="`Vehicle Model` → it can soft delete" class="Tests\Unit\Models\VehicleTest" classname="Tests.Unit.Models.VehicleTest" file="tests\Unit\Models\VehicleTest.php::`Vehicle Model` → it can soft delete" line="0" assertions="2" time="0.122147"/>
      <testcase name="`Vehicle Model` → `Featured Image URL Generation` → it returns primary image from images relationship when loaded" class="Tests\Unit\Models\VehicleTest" classname="Tests.Unit.Models.VehicleTest" file="tests\Unit\Models\VehicleTest.php::`Vehicle Model` → `Featured Image URL Generation` → it returns primary image from images relationship when loaded" line="0" assertions="1" time="0.138381"/>
      <testcase name="`Vehicle Model` → `Featured Image URL Generation` → it returns first image when no primary image exists" class="Tests\Unit\Models\VehicleTest" classname="Tests.Unit.Models.VehicleTest" file="tests\Unit\Models\VehicleTest.php::`Vehicle Model` → `Featured Image URL Generation` → it returns first image when no primary image exists" line="0" assertions="1" time="0.183968"/>
      <testcase name="`Vehicle Model` → `Featured Image URL Generation` → it falls back to featured_image field" class="Tests\Unit\Models\VehicleTest" classname="Tests.Unit.Models.VehicleTest" file="tests\Unit\Models\VehicleTest.php::`Vehicle Model` → `Featured Image URL Generation` → it falls back to featured_image field" line="0" assertions="1" time="0.186667"/>
      <testcase name="`Vehicle Model` → `Featured Image URL Generation` → it falls back to first gallery image" class="Tests\Unit\Models\VehicleTest" classname="Tests.Unit.Models.VehicleTest" file="tests\Unit\Models\VehicleTest.php::`Vehicle Model` → `Featured Image URL Generation` → it falls back to first gallery image" line="0" assertions="1" time="0.195761"/>
      <testcase name="`Vehicle Model` → `Featured Image URL Generation` → it returns null when no images available" class="Tests\Unit\Models\VehicleTest" classname="Tests.Unit.Models.VehicleTest" file="tests\Unit\Models\VehicleTest.php::`Vehicle Model` → `Featured Image URL Generation` → it returns null when no images available" line="0" assertions="1" time="0.159900"/>
      <testcase name="`Vehicle Model` → `Query Scopes` → it filters available vehicles for rent" class="Tests\Unit\Models\VehicleTest" classname="Tests.Unit.Models.VehicleTest" file="tests\Unit\Models\VehicleTest.php::`Vehicle Model` → `Query Scopes` → it filters available vehicles for rent" line="0" assertions="2" time="0.166328"/>
      <testcase name="`Vehicle Model` → `Query Scopes` → it filters vehicles by owner" class="Tests\Unit\Models\VehicleTest" classname="Tests.Unit.Models.VehicleTest" file="tests\Unit\Models\VehicleTest.php::`Vehicle Model` → `Query Scopes` → it filters vehicles by owner" line="0" assertions="2" time="0.133952"/>
      <testcase name="`Vehicle Model` → `Query Scopes` → it filters by price range" class="Tests\Unit\Models\VehicleTest" classname="Tests.Unit.Models.VehicleTest" file="tests\Unit\Models\VehicleTest.php::`Vehicle Model` → `Query Scopes` → it filters by price range" line="0" assertions="2" time="0.150090"/>
      <testcase name="`Vehicle Model` → `Query Scopes` → it excludes vehicles with conflicting bookings" class="Tests\Unit\Models\VehicleTest" classname="Tests.Unit.Models.VehicleTest" file="tests\Unit\Models\VehicleTest.php::`Vehicle Model` → `Query Scopes` → it excludes vehicles with conflicting bookings" line="0" assertions="2" time="0.158704"/>
    </testsuite>
    <testsuite name="Tests\Unit\Repositories\VehicleRepositoryTest" file="tests\Unit\Repositories\VehicleRepositoryTest.php" tests="7" assertions="26" errors="0" failures="0" skipped="0" time="1.414384">
      <testcase name="`VehicleRepository` → it can search vehicles with filters" class="Tests\Unit\Repositories\VehicleRepositoryTest" classname="Tests.Unit.Repositories.VehicleRepositoryTest" file="tests\Unit\Repositories\VehicleRepositoryTest.php::`VehicleRepository` → it can search vehicles with filters" line="0" assertions="2" time="0.286351"/>
      <testcase name="`VehicleRepository` → it can find vehicle with details" class="Tests\Unit\Repositories\VehicleRepositoryTest" classname="Tests.Unit.Repositories.VehicleRepositoryTest" file="tests\Unit\Repositories\VehicleRepositoryTest.php::`VehicleRepository` → it can find vehicle with details" line="0" assertions="5" time="0.132093"/>
      <testcase name="`VehicleRepository` → it can check vehicle availability" class="Tests\Unit\Repositories\VehicleRepositoryTest" classname="Tests.Unit.Repositories.VehicleRepositoryTest" file="tests\Unit\Repositories\VehicleRepositoryTest.php::`VehicleRepository` → it can check vehicle availability" line="0" assertions="2" time="0.147509"/>
      <testcase name="`VehicleRepository` → it can get owner vehicles" class="Tests\Unit\Repositories\VehicleRepositoryTest" classname="Tests.Unit.Repositories.VehicleRepositoryTest" file="tests\Unit\Repositories\VehicleRepositoryTest.php::`VehicleRepository` → it can get owner vehicles" line="0" assertions="2" time="0.253955"/>
      <testcase name="`VehicleRepository` → it can get vehicle statistics" class="Tests\Unit\Repositories\VehicleRepositoryTest" classname="Tests.Unit.Repositories.VehicleRepositoryTest" file="tests\Unit\Repositories\VehicleRepositoryTest.php::`VehicleRepository` → it can get vehicle statistics" line="0" assertions="10" time="0.245123"/>
      <testcase name="`VehicleRepository` → it can get vehicles needing attention" class="Tests\Unit\Repositories\VehicleRepositoryTest" classname="Tests.Unit.Repositories.VehicleRepositoryTest" file="tests\Unit\Repositories\VehicleRepositoryTest.php::`VehicleRepository` → it can get vehicles needing attention" line="0" assertions="3" time="0.191663"/>
      <testcase name="`VehicleRepository` → it can get popular vehicles" class="Tests\Unit\Repositories\VehicleRepositoryTest" classname="Tests.Unit.Repositories.VehicleRepositoryTest" file="tests\Unit\Repositories\VehicleRepositoryTest.php::`VehicleRepository` → it can get popular vehicles" line="0" assertions="2" time="0.157690"/>
    </testsuite>
  </testsuite>
</testsuites>
